!cd ludopatia && scrapy crawl ludopatia_spider

2023-10-06 18:20:03 [scrapy.utils.log] INFO: Scrapy 2.9.0 started (bot: ludopatia)
2023-10-06 18:20:03 [scrapy.utils.log] INFO: Versions: lxml 4.9.3.0, libxml2 2.10.3, cssselect 1.2.0, parsel 1.8.1, w3lib 2.1.2, Twisted 23.8.0, Python 3.7.16 (default, Jan 17 2023, 22:20:44) - [GCC 11.2.0], pyOpenSSL 23.2.0 (OpenSSL 3.1.3 19 Sep 2023), cryptography 41.0.4, Platform Linux-6.2.0-34-generic-x86_64-with-debian-bookworm-sid
2023-10-06 18:20:03 [scrapy.crawler] INFO: Overridden settings:
{'BOT_NAME': 'ludopatia',
 'FEED_EXPORT_ENCODING': 'utf-8',
 'NEWSPIDER_MODULE': 'ludopatia.spiders',
 'REQUEST_FINGERPRINTER_IMPLEMENTATION': '2.7',
 'ROBOTSTXT_OBEY': True,
 'SPIDER_MODULES': ['ludopatia.spiders'],
 'TWISTED_REACTOR': 'twisted.internet.asyncioreactor.AsyncioSelectorReactor'}
2023-10-06 18:20:03 [asyncio] DEBUG: Using selector: EpollSelector
2023-10-06 18:20:03 [scrapy.utils.log] DEBUG: Using reactor: twisted.internet.asyncioreactor.AsyncioSelectorReactor
2023-10-06 18:20:03 [scrapy.utils.log] DEBUG: Using asyncio event loop: asyncio.unix_events._UnixSelectorEventLoop
2023-10-06 18:20:03 [scrapy.extensions.telnet] INFO: Telnet Password: 4098f04cb9a485d0
2023-10-06 18:20:03 [scrapy.middleware] INFO: Enabled extensions:
['scrapy.extensions.corestats.CoreStats',
 'scrapy.extensions.telnet.TelnetConsole',
 'scrapy.extensions.memusage.MemoryUsage',
 'scrapy.extensions.feedexport.FeedExporter',
 'scrapy.extensions.logstats.LogStats']
2023-10-06 18:20:03 [scrapy.middleware] INFO: Enabled downloader middlewares:
['scrapy.downloadermiddlewares.robotstxt.RobotsTxtMiddleware',
 'scrapy.downloadermiddlewares.httpauth.HttpAuthMiddleware',
 'scrapy.downloadermiddlewares.downloadtimeout.DownloadTimeoutMiddleware',
 'scrapy.downloadermiddlewares.defaultheaders.DefaultHeadersMiddleware',
 'scrapy.downloadermiddlewares.useragent.UserAgentMiddleware',
 'scrapy.downloadermiddlewares.retry.RetryMiddleware',
 'scrapy.downloadermiddlewares.redirect.MetaRefreshMiddleware',
 'scrapy.downloadermiddlewares.httpcompression.HttpCompressionMiddleware',
 'scrapy.downloadermiddlewares.redirect.RedirectMiddleware',
 'scrapy.downloadermiddlewares.cookies.CookiesMiddleware',
 'scrapy.downloadermiddlewares.httpproxy.HttpProxyMiddleware',
 'scrapy.downloadermiddlewares.stats.DownloaderStats']
2023-10-06 18:20:03 [scrapy.middleware] INFO: Enabled spider middlewares:
['scrapy.spidermiddlewares.httperror.HttpErrorMiddleware',
 'scrapy.spidermiddlewares.offsite.OffsiteMiddleware',
 'scrapy.spidermiddlewares.referer.RefererMiddleware',
 'scrapy.spidermiddlewares.urllength.UrlLengthMiddleware',
 'scrapy.spidermiddlewares.depth.DepthMiddleware']
2023-10-06 18:20:03 [scrapy.middleware] INFO: Enabled item pipelines:
[]
2023-10-06 18:20:03 [scrapy.core.engine] INFO: Spider opened
2023-10-06 18:20:03 [scrapy.extensions.logstats] INFO: Crawled 0 pages (at 0 pages/min), scraped 0 items (at 0 items/min)
2023-10-06 18:20:03 [scrapy.extensions.telnet] INFO: Telnet console listening on 127.0.0.1:6023
Traceback (most recent call last):
  File "/home/alourido/anaconda3/envs/TGINE/bin/scrapy", line 8, in <module>
    sys.exit(execute())
  File "/home/alourido/anaconda3/envs/TGINE/lib/python3.7/site-packages/scrapy/cmdline.py", line 158, in execute
    _run_print_help(parser, _run_command, cmd, args, opts)
  File "/home/alourido/anaconda3/envs/TGINE/lib/python3.7/site-packages/scrapy/cmdline.py", line 111, in _run_print_help
    func(*a, **kw)
  File "/home/alourido/anaconda3/envs/TGINE/lib/python3.7/site-packages/scrapy/cmdline.py", line 166, in _run_command
    cmd.run(args, opts)
  File "/home/alourido/anaconda3/envs/TGINE/lib/python3.7/site-packages/scrapy/commands/crawl.py", line 30, in run
    self.crawler_process.start()
  File "/home/alourido/anaconda3/envs/TGINE/lib/python3.7/site-packages/scrapy/crawler.py", line 383, in start
    install_shutdown_handlers(self._signal_shutdown)
  File "/home/alourido/anaconda3/envs/TGINE/lib/python3.7/site-packages/scrapy/utils/ossignal.py", line 19, in install_shutdown_handlers
    reactor._handleSignals()
AttributeError: 'AsyncioSelectorReactor' object has no attribute '_handleSignals'
