023-10-07 19:38:46,340 INFO org.apache.hadoop.yarn.webapp.WebApps: Registered webapp guice modules
2023-10-07 19:38:46,344 INFO org.apache.hadoop.http.HttpServer2: HttpServer.start() threw a non Bind IOException
java.net.BindException: Port in use: resourcemanager:8088
	at org.apache.hadoop.http.HttpServer2.constructBindException(HttpServer2.java:1369)
	at org.apache.hadoop.http.HttpServer2.bindForSinglePort(HttpServer2.java:1391)
	at org.apache.hadoop.http.HttpServer2.openListeners(HttpServer2.java:1454)
	at org.apache.hadoop.http.HttpServer2.start(HttpServer2.java:1300)
	at org.apache.hadoop.yarn.webapp.WebApps$Builder.start(WebApps.java:472)
	at org.apache.hadoop.yarn.server.resourcemanager.ResourceManager.startWepApp(ResourceManager.java:1389)
	at org.apache.hadoop.yarn.server.resourcemanager.ResourceManager.serviceStart(ResourceManager.java:1498)
	at org.apache.hadoop.service.AbstractService.start(AbstractService.java:194)
	at org.apache.hadoop.yarn.server.resourcemanager.ResourceManager.main(ResourceManager.java:1700)
Caused by: java.io.IOException: Failed to bind to resourcemanager:8088
	at org.eclipse.jetty.server.ServerConnector.openAcceptChannel(ServerConnector.java:349)
	at org.eclipse.jetty.server.ServerConnector.open(ServerConnector.java:310)
	at org.apache.hadoop.http.HttpServer2.bindListener(HttpServer2.java:1356)
	at org.apache.hadoop.http.HttpServer2.bindForSinglePort(HttpServer2.java:1387)
	... 7 more
Caused by: java.net.SocketException: Unresolved address
	at sun.nio.ch.Net.translateToSocketException(Net.java:134)
	at sun.nio.ch.Net.translateException(Net.java:160)
	at sun.nio.ch.Net.translateException(Net.java:166)
	at sun.nio.ch.ServerSocketAdaptor.bind(ServerSocketAdaptor.java:87)
	at org.eclipse.jetty.server.ServerConnector.openAcceptChannel(ServerConnector.java:344)
	... 10 more
Caused by: java.nio.channels.UnresolvedAddressException
	at sun.nio.ch.Net.checkAddress(Net.java:104)
	at sun.nio.ch.ServerSocketChannelImpl.bind(ServerSocketChannelImpl.java:217)
	at sun.nio.ch.ServerSocketAdaptor.bind(ServerSocketAdaptor.java:85)
	... 11 more
2023-10-07 19:38:46,345 INFO org.apache.hadoop.service.AbstractService: Service ResourceManager failed in state STARTED
org.apache.hadoop.yarn.webapp.WebAppException: Error starting http server
	at org.apache.hadoop.yarn.webapp.WebApps$Builder.start(WebApps.java:476)
	at org.apache.hadoop.yarn.server.resourcemanager.ResourceManager.startWepApp(ResourceManager.java:1389)
	at org.apache.hadoop.yarn.server.resourcemanager.ResourceManager.serviceStart(ResourceManager.java:1498)
	at org.apache.hadoop.service.AbstractService.start(AbstractService.java:194)
	at org.apache.hadoop.yarn.server.resourcemanager.ResourceManager.main(ResourceManager.java:1700)
Caused by: java.net.BindException: Port in use: resourcemanager:8088
	at org.apache.hadoop.http.HttpServer2.constructBindException(HttpServer2.java:1369)
	at org.apache.hadoop.http.HttpServer2.bindForSinglePort(HttpServer2.java:1391)
	at org.apache.hadoop.http.HttpServer2.openListeners(HttpServer2.java:1454)
	at org.apache.hadoop.http.HttpServer2.start(HttpServer2.java:1300)
	at org.apache.hadoop.yarn.webapp.WebApps$Builder.start(WebApps.java:472)
	... 4 more
Caused by: java.io.IOException: Failed to bind to resourcemanager:8088
	at org.eclipse.jetty.server.ServerConnector.openAcceptChannel(ServerConnector.java:349)
	at org.eclipse.jetty.server.ServerConnector.open(ServerConnector.java:310)
	at org.apache.hadoop.http.HttpServer2.bindListener(HttpServer2.java:1356)
	at org.apache.hadoop.http.HttpServer2.bindForSinglePort(HttpServer2.java:1387)
	... 7 more
Caused by: java.net.SocketException: Unresolved address
	at sun.nio.ch.Net.translateToSocketException(Net.java:134)
	at sun.nio.ch.Net.translateException(Net.java:160)
	at sun.nio.ch.Net.translateException(Net.java:166)
	at sun.nio.ch.ServerSocketAdaptor.bind(ServerSocketAdaptor.java:87)
	at org.eclipse.jetty.server.ServerConnector.openAcceptChannel(ServerConnector.java:344)
	... 10 more
Caused by: java.nio.channels.UnresolvedAddressException
	at sun.nio.ch.Net.checkAddress(Net.java:104)
	at sun.nio.ch.ServerSocketChannelImpl.bind(ServerSocketChannelImpl.java:217)
	at sun.nio.ch.ServerSocketAdaptor.bind(ServerSocketAdaptor.java:85)
	... 11 more
2023-10-07 19:38:46,346 INFO org.apache.hadoop.yarn.server.resourcemanager.ResourceManager: Transitioning to standby state
2023-10-07 19:38:46,346 INFO org.apache.hadoop.yarn.server.resourcemanager.ResourceManager: Transitioned to standby state
2023-10-07 19:38:46,346 ERROR org.apache.hadoop.yarn.server.resourcemanager.ResourceManager: Error starting ResourceManager
org.apache.hadoop.yarn.webapp.WebAppException: Error starting http server
	at org.apache.hadoop.yarn.webapp.WebApps$Builder.start(WebApps.java:476)
	at org.apache.hadoop.yarn.server.resourcemanager.ResourceManager.startWepApp(ResourceManager.java:1389)
	at org.apache.hadoop.yarn.server.resourcemanager.ResourceManager.serviceStart(ResourceManager.java:1498)
	at org.apache.hadoop.service.AbstractService.start(AbstractService.java:194)
	at org.apache.hadoop.yarn.server.resourcemanager.ResourceManager.main(ResourceManager.java:1700)
Caused by: java.net.BindException: Port in use: resourcemanager:8088
	at org.apache.hadoop.http.HttpServer2.constructBindException(HttpServer2.java:1369)
	at org.apache.hadoop.http.HttpServer2.bindForSinglePort(HttpServer2.java:1391)
	at org.apache.hadoop.http.HttpServer2.openListeners(HttpServer2.java:1454)
	at org.apache.hadoop.http.HttpServer2.start(HttpServer2.java:1300)
	at org.apache.hadoop.yarn.webapp.WebApps$Builder.start(WebApps.java:472)
	... 4 more
Caused by: java.io.IOException: Failed to bind to resourcemanager:8088
	at org.eclipse.jetty.server.ServerConnector.openAcceptChannel(ServerConnector.java:349)
	at org.eclipse.jetty.server.ServerConnector.open(ServerConnector.java:310)
	at org.apache.hadoop.http.HttpServer2.bindListener(HttpServer2.java:1356)
	at org.apache.hadoop.http.HttpServer2.bindForSinglePort(HttpServer2.java:1387)
	... 7 more
Caused by: java.net.SocketException: Unresolved address
	at sun.nio.ch.Net.translateToSocketException(Net.java:134)
	at sun.nio.ch.Net.translateException(Net.java:160)
	at sun.nio.ch.Net.translateException(Net.java:166)
	at sun.nio.ch.ServerSocketAdaptor.bind(ServerSocketAdaptor.java:87)
	at org.eclipse.jetty.server.ServerConnector.openAcceptChannel(ServerConnector.java:344)
	... 10 more
Caused by: java.nio.channels.UnresolvedAddressException
	at sun.nio.ch.Net.checkAddress(Net.java:104)
	at sun.nio.ch.ServerSocketChannelImpl.bind(ServerSocketChannelImpl.java:217)
	at sun.nio.ch.ServerSocketAdaptor.bind(ServerSocketAdaptor.java:85)
	... 11 more
2023-10-07 19:38:46,347 INFO org.apache.hadoop.yarn.server.resourcemanager.ResourceManager: SHUTDOWN_MSG: 
/************************************************************
SHUTDOWN_MSG: Shutting down ResourceManager at namenode/192.168.96.6
************************************************************/

##################################

SOL lanzarlo en formato docker run no con docker compose por alguna razon no esta funcionado bien

-----------------------------------------


hdadmin@namenode:~$ yarn jar $MAPRED_EXAMPLES/hadoop-mapreduce-examples-*.jar pi 16 1000
Number of Maps  = 16
Samples per Map = 1000
org.apache.hadoop.security.AccessControlException: Permission denied: user=hdadmin, access=WRITE, inode="/user/hdadmin":root:supergroup:drwxr-xr-x
	at org.apache.hadoop.hdfs.server.namenode.FSPermissionChecker.check(FSPermissionChecker.java:506)
	at org.apache.hadoop.hdfs.server.namenode.FSPermissionChecker.checkPermission(FSPermissionChecker.java:346)
	at org.apache.hadoop.hdfs.server.namenode.FSPermissionChecker.checkPermissionWithContext(FSPermissionChecker.java:370)
	at org.apache.hadoop.hdfs.server.namenode.FSPermissionChecker.checkPermission(FSPermissionChecker.java:240)
	at org.apache.hadoop.hdfs.server.namenode.FSDirectory.checkPermission(FSDirectory.java:1943)
	at org.apache.hadoop.hdfs.server.namenode.FSDirectory.checkPermission(FSDirectory.java:1927)
	at org.apache.hadoop.hdfs.server.namenode.FSDirectory.checkAncestorAccess(FSDirectory.java:1886)
	at org.apache.hadoop.hdfs.server.namenode.FSDirMkdirOp.mkdirs(FSDirMkdirOp.java:60)
	at org.apache.hadoop.hdfs.server.namenode.FSNamesystem.mkdirs(FSNamesystem.java:3441)
	at org.apache.hadoop.hdfs.server.namenode.NameNodeRpcServer.mkdirs(NameNodeRpcServer.java:1167)
	at org.apache.hadoop.hdfs.protocolPB.ClientNamenodeProtocolServerSideTranslatorPB.mkdirs(ClientNamenodeProtocolServerSideTranslatorPB.java:742)
	at org.apache.hadoop.hdfs.protocol.proto.ClientNamenodeProtocolProtos$ClientNamenodeProtocol$2.callBlockingMethod(ClientNamenodeProtocolProtos.java)
	at org.apache.hadoop.ipc.ProtobufRpcEngine2$Server$ProtoBufRpcInvoker.call(ProtobufRpcEngine2.java:621)
	at org.apache.hadoop.ipc.ProtobufRpcEngine2$Server$ProtoBufRpcInvoker.call(ProtobufRpcEngine2.java:589)
	at org.apache.hadoop.ipc.ProtobufRpcEngine2$Server$ProtoBufRpcInvoker.call(ProtobufRpcEngine2.java:573)
	at org.apache.hadoop.ipc.RPC$Server.call(RPC.java:1227)
	at org.apache.hadoop.ipc.Server$RpcCall.run(Server.java:1094)
	at org.apache.hadoop.ipc.Server$RpcCall.run(Server.java:1017)
	at java.security.AccessController.doPrivileged(Native Method)
	at javax.security.auth.Subject.doAs(Subject.java:422)
	at org.apache.hadoop.security.UserGroupInformation.doAs(UserGroupInformation.java:1899)
	at org.apache.hadoop.ipc.Server$Handler.run(Server.java:3048)

	at sun.reflect.NativeConstructorAccessorImpl.newInstance0(Native Method)
	at sun.reflect.NativeConstructorAccessorImpl.newInstance(NativeConstructorAccessorImpl.java:62)
	at sun.reflect.DelegatingConstructorAccessorImpl.newInstance(DelegatingConstructorAccessorImpl.java:45)
	at java.lang.reflect.Constructor.newInstance(Constructor.java:423)
	at org.apache.hadoop.ipc.RemoteException.instantiateException(RemoteException.java:121)
	at org.apache.hadoop.ipc.RemoteException.unwrapRemoteException(RemoteException.java:88)
	at org.apache.hadoop.hdfs.DFSClient.primitiveMkdir(DFSClient.java:2509)
	at org.apache.hadoop.hdfs.DFSClient.mkdirs(DFSClient.java:2483)
	at org.apache.hadoop.hdfs.DistributedFileSystem$27.doCall(DistributedFileSystem.java:1498)
	at org.apache.hadoop.hdfs.DistributedFileSystem$27.doCall(DistributedFileSystem.java:1495)
	at org.apache.hadoop.fs.FileSystemLinkResolver.resolve(FileSystemLinkResolver.java:81)
	at org.apache.hadoop.hdfs.DistributedFileSystem.mkdirsInternal(DistributedFileSystem.java:1512)
	at org.apache.hadoop.hdfs.DistributedFileSystem.mkdirs(DistributedFileSystem.java:1487)
	at org.apache.hadoop.fs.FileSystem.mkdirs(FileSystem.java:2496)
	at org.apache.hadoop.examples.QuasiMonteCarlo.estimatePi(QuasiMonteCarlo.java:283)
	at org.apache.hadoop.examples.QuasiMonteCarlo.run(QuasiMonteCarlo.java:360)
	at org.apache.hadoop.util.ToolRunner.run(ToolRunner.java:82)
	at org.apache.hadoop.examples.QuasiMonteCarlo.main(QuasiMonteCarlo.java:368)
	at sun.reflect.NativeMethodAccessorImpl.invoke0(Native Method)
	at sun.reflect.NativeMethodAccessorImpl.invoke(NativeMethodAccessorImpl.java:62)
	at sun.reflect.DelegatingMethodAccessorImpl.invoke(DelegatingMethodAccessorImpl.java:43)
	at java.lang.reflect.Method.invoke(Method.java:498)
	at org.apache.hadoop.util.ProgramDriver$ProgramDescription.invoke(ProgramDriver.java:71)
	at org.apache.hadoop.util.ProgramDriver.run(ProgramDriver.java:144)
	at org.apache.hadoop.examples.ExampleDriver.main(ExampleDriver.java:74)
	at sun.reflect.NativeMethodAccessorImpl.invoke0(Native Method)
	at sun.reflect.NativeMethodAccessorImpl.invoke(NativeMethodAccessorImpl.java:62)
	at sun.reflect.DelegatingMethodAccessorImpl.invoke(DelegatingMethodAccessorImpl.java:43)
	at java.lang.reflect.Method.invoke(Method.java:498)
	at org.apache.hadoop.util.RunJar.run(RunJar.java:328)
	at org.apache.hadoop.util.RunJar.main(RunJar.java:241)
Caused by: org.apache.hadoop.ipc.RemoteException(org.apache.hadoop.security.AccessControlException): Permission denied: user=hdadmin, access=WRITE, inode="/user/hdadmin":root:supergroup:drwxr-xr-x
	at org.apache.hadoop.hdfs.server.namenode.FSPermissionChecker.check(FSPermissionChecker.java:506)
	at org.apache.hadoop.hdfs.server.namenode.FSPermissionChecker.checkPermission(FSPermissionChecker.java:346)
	at org.apache.hadoop.hdfs.server.namenode.FSPermissionChecker.checkPermissionWithContext(FSPermissionChecker.java:370)
	at org.apache.hadoop.hdfs.server.namenode.FSPermissionChecker.checkPermission(FSPermissionChecker.java:240)
	at org.apache.hadoop.hdfs.server.namenode.FSDirectory.checkPermission(FSDirectory.java:1943)
	at org.apache.hadoop.hdfs.server.namenode.FSDirectory.checkPermission(FSDirectory.java:1927)
	at org.apache.hadoop.hdfs.server.namenode.FSDirectory.checkAncestorAccess(FSDirectory.java:1886)
	at org.apache.hadoop.hdfs.server.namenode.FSDirMkdirOp.mkdirs(FSDirMkdirOp.java:60)
	at org.apache.hadoop.hdfs.server.namenode.FSNamesystem.mkdirs(FSNamesystem.java:3441)
	at org.apache.hadoop.hdfs.server.namenode.NameNodeRpcServer.mkdirs(NameNodeRpcServer.java:1167)
	at org.apache.hadoop.hdfs.protocolPB.ClientNamenodeProtocolServerSideTranslatorPB.mkdirs(ClientNamenodeProtocolServerSideTranslatorPB.java:742)
	at org.apache.hadoop.hdfs.protocol.proto.ClientNamenodeProtocolProtos$ClientNamenodeProtocol$2.callBlockingMethod(ClientNamenodeProtocolProtos.java)
	at org.apache.hadoop.ipc.ProtobufRpcEngine2$Server$ProtoBufRpcInvoker.call(ProtobufRpcEngine2.java:621)
	at org.apache.hadoop.ipc.ProtobufRpcEngine2$Server$ProtoBufRpcInvoker.call(ProtobufRpcEngine2.java:589)
	at org.apache.hadoop.ipc.ProtobufRpcEngine2$Server$ProtoBufRpcInvoker.call(ProtobufRpcEngine2.java:573)
	at org.apache.hadoop.ipc.RPC$Server.call(RPC.java:1227)
	at org.apache.hadoop.ipc.Server$RpcCall.run(Server.java:1094)
	at org.apache.hadoop.ipc.Server$RpcCall.run(Server.java:1017)
	at java.security.AccessController.doPrivileged(Native Method)
	at javax.security.auth.Subject.doAs(Subject.java:422)
	at org.apache.hadoop.security.UserGroupInformation.doAs(UserGroupInformation.java:1899)
	at org.apache.hadoop.ipc.Server$Handler.run(Server.java:3048)

	at org.apache.hadoop.ipc.Client.getRpcResponse(Client.java:1567)
	at org.apache.hadoop.ipc.Client.call(Client.java:1513)
	at org.apache.hadoop.ipc.Client.call(Client.java:1410)
	at org.apache.hadoop.ipc.ProtobufRpcEngine2$Invoker.invoke(ProtobufRpcEngine2.java:258)
	at org.apache.hadoop.ipc.ProtobufRpcEngine2$Invoker.invoke(ProtobufRpcEngine2.java:139)
	at com.sun.proxy.$Proxy9.mkdirs(Unknown Source)
	at org.apache.hadoop.hdfs.protocolPB.ClientNamenodeProtocolTranslatorPB.mkdirs(ClientNamenodeProtocolTranslatorPB.java:675)
	at sun.reflect.NativeMethodAccessorImpl.invoke0(Native Method)
	at sun.reflect.NativeMethodAccessorImpl.invoke(NativeMethodAccessorImpl.java:62)
	at sun.reflect.DelegatingMethodAccessorImpl.invoke(DelegatingMethodAccessorImpl.java:43)
	at java.lang.reflect.Method.invoke(Method.java:498)
	at org.apache.hadoop.io.retry.RetryInvocationHandler.invokeMethod(RetryInvocationHandler.java:433)
	at org.apache.hadoop.io.retry.RetryInvocationHandler$Call.invokeMethod(RetryInvocationHandler.java:166)
	at org.apache.hadoop.io.retry.RetryInvocationHandler$Call.invoke(RetryInvocationHandler.java:158)
	at org.apache.hadoop.io.retry.RetryInvocationHandler$Call.invokeOnce(RetryInvocationHandler.java:96)
	at org.apache.hadoop.io.retry.RetryInvocationHandler.invoke(RetryInvocationHandler.java:362)
	at com.sun.proxy.$Proxy10.mkdirs(Unknown Source)
	at org.apache.hadoop.hdfs.DFSClient.primitiveMkdir(DFSClient.java:2507)
	... 24 more

############################

SOL

hdadmin@namenode:~$ exit
logout
root@namenode:/# hdfs dfs -chown hdadmin:hadoop /user/hdadmin
root@namenode:/# hdfs dfs -ls /user/hdadmin
root@namenode:/# su - hdadmin
hdadmin@namenode:~$ hdfs dfs -chown hdadmin:hadoop /user/hdadmin
hdadmin@namenode:~$ export MAPRED_EXAMPLES=$HADOOP_HOME/share/hadoop/mapreduce