2023-09-28 16:52:55,945 INFO org.apache.hadoop.hdfs.server.namenode.NameNode: STARTUP_MSG: 
/************************************************************
STARTUP_MSG: Starting NameNode
STARTUP_MSG:   host = namenode/172.19.0.2
STARTUP_MSG:   args = []
STARTUP_MSG:   version = 3.3.6
STARTUP_MSG:   classpath = /opt/bd/hadoop/etc/hadoop:/opt/bd/hadoop/share/hadoop/common/lib/jetty-security-9.4.51.v20230217.jar:/opt/bd/hadoop/share/hadoop/common/lib/jsr311-api-1.1.1.jar:/opt/bd/hadoop/share/hadoop/common/lib/netty-codec-4.1.89.Final.jar:/opt/bd/hadoop/share/hadoop/common/lib/jetty-servlet-9.4.51.v20230217.jar:/opt/bd/hadoop/share/hadoop/common/lib/jackson-mapper-asl-1.9.13.jar:/opt/bd/hadoop/share/hadoop/common/lib/netty-common-4.1.89.Final.jar:/opt/bd/hadoop/share/hadoop/common/lib/zookeeper-3.6.3.jar:/opt/bd/hadoop/share/hadoop/common/lib/guava-27.0-jre.jar:/opt/bd/hadoop/share/hadoop/common/lib/kerby-xdr-1.0.1.jar:/opt/bd/hadoop/share/hadoop/common/lib/jackson-core-asl-1.9.13.jar:/opt/bd/hadoop/share/hadoop/common/lib/netty-transport-sctp-4.1.89.Final.jar:/opt/bd/hadoop/share/hadoop/common/lib/netty-transport-udt-4.1.89.Final.jar:/opt/bd/hadoop/share/hadoop/common/lib/listenablefuture-9999.0-empty-to-avoid-conflict-with-guava.jar:/opt/bd/hadoop/share/hadoop/common/lib/kerb-identity-1.0.1.jar:/opt/bd/hadoop/share/hadoop/common/lib/hadoop-annotations-3.3.6.jar:/opt/bd/hadoop/share/hadoop/common/lib/jersey-server-1.19.4.jar:/opt/bd/hadoop/share/hadoop/common/lib/j2objc-annotations-1.1.jar:/opt/bd/hadoop/share/hadoop/common/lib/jsch-0.1.55.jar:/opt/bd/hadoop/share/hadoop/common/lib/httpcore-4.4.13.jar:/opt/bd/hadoop/share/hadoop/common/lib/netty-transport-native-epoll-4.1.89.Final-linux-aarch_64.jar:/opt/bd/hadoop/share/hadoop/common/lib/netty-transport-classes-epoll-4.1.89.Final.jar:/opt/bd/hadoop/share/hadoop/common/lib/netty-handler-proxy-4.1.89.Final.jar:/opt/bd/hadoop/share/hadoop/common/lib/animal-sniffer-annotations-1.17.jar:/opt/bd/hadoop/share/hadoop/common/lib/commons-lang3-3.12.0.jar:/opt/bd/hadoop/share/hadoop/common/lib/jsp-api-2.1.jar:/opt/bd/hadoop/share/hadoop/common/lib/stax2-api-4.2.1.jar:/opt/bd/hadoop/share/hadoop/common/lib/slf4j-reload4j-1.7.36.jar:/opt/bd/hadoop/share/hadoop/common/lib/token-provider-1.0.1.jar:/opt/bd/hadoop/share/hadoop/common/lib/commons-configuration2-2.8.0.jar:/opt/bd/hadoop/share/hadoop/common/lib/kerby-pkix-1.0.1.jar:/opt/bd/hadoop/share/hadoop/common/lib/netty-transport-4.1.89.Final.jar:/opt/bd/hadoop/share/hadoop/common/lib/jackson-databind-2.12.7.1.jar:/opt/bd/hadoop/share/hadoop/common/lib/netty-handler-4.1.89.Final.jar:/opt/bd/hadoop/share/hadoop/common/lib/jersey-servlet-1.19.4.jar:/opt/bd/hadoop/share/hadoop/common/lib/nimbus-jose-jwt-9.8.1.jar:/opt/bd/hadoop/share/hadoop/common/lib/netty-codec-xml-4.1.89.Final.jar:/opt/bd/hadoop/share/hadoop/common/lib/kerb-core-1.0.1.jar:/opt/bd/hadoop/share/hadoop/common/lib/commons-codec-1.15.jar:/opt/bd/hadoop/share/hadoop/common/lib/jettison-1.5.4.jar:/opt/bd/hadoop/share/hadoop/common/lib/commons-io-2.8.0.jar:/opt/bd/hadoop/share/hadoop/common/lib/jackson-core-2.12.7.jar:/opt/bd/hadoop/share/hadoop/common/lib/netty-codec-stomp-4.1.89.Final.jar:/opt/bd/hadoop/share/hadoop/common/lib/kerby-util-1.0.1.jar:/opt/bd/hadoop/share/hadoop/common/lib/netty-resolver-dns-native-macos-4.1.89.Final-osx-x86_64.jar:/opt/bd/hadoop/share/hadoop/common/lib/jersey-json-1.20.jar:/opt/bd/hadoop/share/hadoop/common/lib/netty-codec-smtp-4.1.89.Final.jar:/opt/bd/hadoop/share/hadoop/common/lib/kerb-crypto-1.0.1.jar:/opt/bd/hadoop/share/hadoop/common/lib/netty-handler-ssl-ocsp-4.1.89.Final.jar:/opt/bd/hadoop/share/hadoop/common/lib/httpclient-4.5.13.jar:/opt/bd/hadoop/share/hadoop/common/lib/netty-codec-mqtt-4.1.89.Final.jar:/opt/bd/hadoop/share/hadoop/common/lib/paranamer-2.3.jar:/opt/bd/hadoop/share/hadoop/common/lib/curator-client-5.2.0.jar:/opt/bd/hadoop/share/hadoop/common/lib/netty-codec-dns-4.1.89.Final.jar:/opt/bd/hadoop/share/hadoop/common/lib/audience-annotations-0.5.0.jar:/opt/bd/hadoop/share/hadoop/common/lib/protobuf-java-2.5.0.jar:/opt/bd/hadoop/share/hadoop/common/lib/jetty-xml-9.4.51.v20230217.jar:/opt/bd/hadoop/share/hadoop/common/lib/failureaccess-1.0.jar:/opt/bd/hadoop/share/hadoop/common/lib/snappy-java-1.1.8.2.jar:/opt/bd/hadoop/share/hadoop/common/lib/re2j-1.1.jar:/opt/bd/hadoop/share/hadoop/common/lib/netty-transport-native-kqueue-4.1.89.Final-osx-aarch_64.jar:/opt/bd/hadoop/share/hadoop/common/lib/dnsjava-2.1.7.jar:/opt/bd/hadoop/share/hadoop/common/lib/jetty-io-9.4.51.v20230217.jar:/opt/bd/hadoop/share/hadoop/common/lib/jakarta.activation-api-1.2.1.jar:/opt/bd/hadoop/share/hadoop/common/lib/metrics-core-3.2.4.jar:/opt/bd/hadoop/share/hadoop/common/lib/curator-recipes-5.2.0.jar:/opt/bd/hadoop/share/hadoop/common/lib/netty-buffer-4.1.89.Final.jar:/opt/bd/hadoop/share/hadoop/common/lib/curator-framework-5.2.0.jar:/opt/bd/hadoop/share/hadoop/common/lib/slf4j-api-1.7.36.jar:/opt/bd/hadoop/share/hadoop/common/lib/kerby-asn1-1.0.1.jar:/opt/bd/hadoop/share/hadoop/common/lib/commons-compress-1.21.jar:/opt/bd/hadoop/share/hadoop/common/lib/jcip-annotations-1.0-1.jar:/opt/bd/hadoop/share/hadoop/common/lib/netty-resolver-4.1.89.Final.jar:/opt/bd/hadoop/share/hadoop/common/lib/hadoop-shaded-guava-1.1.1.jar:/opt/bd/hadoop/share/hadoop/common/lib/jaxb-api-2.2.11.jar:/opt/bd/hadoop/share/hadoop/common/lib/netty-transport-rxtx-4.1.89.Final.jar:/opt/bd/hadoop/share/hadoop/common/lib/kerby-config-1.0.1.jar:/opt/bd/hadoop/share/hadoop/common/lib/netty-transport-native-epoll-4.1.89.Final-linux-x86_64.jar:/opt/bd/hadoop/share/hadoop/common/lib/woodstox-core-5.4.0.jar:/opt/bd/hadoop/share/hadoop/common/lib/jersey-core-1.19.4.jar:/opt/bd/hadoop/share/hadoop/common/lib/commons-collections-3.2.2.jar:/opt/bd/hadoop/share/hadoop/common/lib/kerb-simplekdc-1.0.1.jar:/opt/bd/hadoop/share/hadoop/common/lib/jetty-util-ajax-9.4.51.v20230217.jar:/opt/bd/hadoop/share/hadoop/common/lib/commons-cli-1.2.jar:/opt/bd/hadoop/share/hadoop/common/lib/netty-resolver-dns-classes-macos-4.1.89.Final.jar:/opt/bd/hadoop/share/hadoop/common/lib/jetty-util-9.4.51.v20230217.jar:/opt/bd/hadoop/share/hadoop/common/lib/netty-transport-classes-kqueue-4.1.89.Final.jar:/opt/bd/hadoop/share/hadoop/common/lib/kerb-util-1.0.1.jar:/opt/bd/hadoop/share/hadoop/common/lib/jackson-annotations-2.12.7.jar:/opt/bd/hadoop/share/hadoop/common/lib/commons-math3-3.1.1.jar:/opt/bd/hadoop/share/hadoop/common/lib/checker-qual-2.5.2.jar:/opt/bd/hadoop/share/hadoop/common/lib/netty-resolver-dns-native-macos-4.1.89.Final-osx-aarch_64.jar:/opt/bd/hadoop/share/hadoop/common/lib/netty-codec-http-4.1.89.Final.jar:/opt/bd/hadoop/share/hadoop/common/lib/kerb-common-1.0.1.jar:/opt/bd/hadoop/share/hadoop/common/lib/netty-codec-redis-4.1.89.Final.jar:/opt/bd/hadoop/share/hadoop/common/lib/jaxb-impl-2.2.3-1.jar:/opt/bd/hadoop/share/hadoop/common/lib/javax.servlet-api-3.1.0.jar:/opt/bd/hadoop/share/hadoop/common/lib/gson-2.9.0.jar:/opt/bd/hadoop/share/hadoop/common/lib/jul-to-slf4j-1.7.36.jar:/opt/bd/hadoop/share/hadoop/common/lib/jetty-webapp-9.4.51.v20230217.jar:/opt/bd/hadoop/share/hadoop/common/lib/hadoop-shaded-protobuf_3_7-1.1.1.jar:/opt/bd/hadoop/share/hadoop/common/lib/commons-daemon-1.0.13.jar:/opt/bd/hadoop/share/hadoop/common/lib/kerb-client-1.0.1.jar:/opt/bd/hadoop/share/hadoop/common/lib/commons-net-3.9.0.jar:/opt/bd/hadoop/share/hadoop/common/lib/avro-1.7.7.jar:/opt/bd/hadoop/share/hadoop/common/lib/netty-transport-native-unix-common-4.1.89.Final.jar:/opt/bd/hadoop/share/hadoop/common/lib/netty-codec-http2-4.1.89.Final.jar:/opt/bd/hadoop/share/hadoop/common/lib/reload4j-1.2.22.jar:/opt/bd/hadoop/share/hadoop/common/lib/netty-codec-haproxy-4.1.89.Final.jar:/opt/bd/hadoop/share/hadoop/common/lib/jsr305-3.0.2.jar:/opt/bd/hadoop/share/hadoop/common/lib/netty-codec-memcache-4.1.89.Final.jar:/opt/bd/hadoop/share/hadoop/common/lib/netty-transport-native-kqueue-4.1.89.Final-osx-x86_64.jar:/opt/bd/hadoop/share/hadoop/common/lib/kerb-server-1.0.1.jar:/opt/bd/hadoop/share/hadoop/common/lib/hadoop-auth-3.3.6.jar:/opt/bd/hadoop/share/hadoop/common/lib/kerb-admin-1.0.1.jar:/opt/bd/hadoop/share/hadoop/common/lib/commons-logging-1.1.3.jar:/opt/bd/hadoop/share/hadoop/common/lib/netty-resolver-dns-4.1.89.Final.jar:/opt/bd/hadoop/share/hadoop/common/lib/jetty-server-9.4.51.v20230217.jar:/opt/bd/hadoop/share/hadoop/common/lib/commons-beanutils-1.9.4.jar:/opt/bd/hadoop/share/hadoop/common/lib/netty-all-4.1.89.Final.jar:/opt/bd/hadoop/share/hadoop/common/lib/jetty-http-9.4.51.v20230217.jar:/opt/bd/hadoop/share/hadoop/common/lib/netty-codec-socks-4.1.89.Final.jar:/opt/bd/hadoop/share/hadoop/common/lib/commons-text-1.10.0.jar:/opt/bd/hadoop/share/hadoop/common/lib/zookeeper-jute-3.6.3.jar:/opt/bd/hadoop/share/hadoop/common/hadoop-nfs-3.3.6.jar:/opt/bd/hadoop/share/hadoop/common/hadoop-registry-3.3.6.jar:/opt/bd/hadoop/share/hadoop/common/hadoop-common-3.3.6.jar:/opt/bd/hadoop/share/hadoop/common/hadoop-common-3.3.6-tests.jar:/opt/bd/hadoop/share/hadoop/common/hadoop-kms-3.3.6.jar:/opt/bd/hadoop/share/hadoop/hdfs:/opt/bd/hadoop/share/hadoop/hdfs/lib/jetty-security-9.4.51.v20230217.jar:/opt/bd/hadoop/share/hadoop/hdfs/lib/jsr311-api-1.1.1.jar:/opt/bd/hadoop/share/hadoop/hdfs/lib/netty-codec-4.1.89.Final.jar:/opt/bd/hadoop/share/hadoop/hdfs/lib/jetty-servlet-9.4.51.v20230217.jar:/opt/bd/hadoop/share/hadoop/hdfs/lib/jackson-mapper-asl-1.9.13.jar:/opt/bd/hadoop/share/hadoop/hdfs/lib/netty-common-4.1.89.Final.jar:/opt/bd/hadoop/share/hadoop/hdfs/lib/zookeeper-3.6.3.jar:/opt/bd/hadoop/share/hadoop/hdfs/lib/guava-27.0-jre.jar:/opt/bd/hadoop/share/hadoop/hdfs/lib/netty-3.10.6.Final.jar:/opt/bd/hadoop/share/hadoop/hdfs/lib/kerby-xdr-1.0.1.jar:/opt/bd/hadoop/share/hadoop/hdfs/lib/jackson-core-asl-1.9.13.jar:/opt/bd/hadoop/share/hadoop/hdfs/lib/netty-transport-sctp-4.1.89.Final.jar:/opt/bd/hadoop/share/hadoop/hdfs/lib/netty-transport-udt-4.1.89.Final.jar:/opt/bd/hadoop/share/hadoop/hdfs/lib/listenablefuture-9999.0-empty-to-avoid-conflict-with-guava.jar:/opt/bd/hadoop/share/hadoop/hdfs/lib/kerb-identity-1.0.1.jar:/opt/bd/hadoop/share/hadoop/hdfs/lib/hadoop-annotations-3.3.6.jar:/opt/bd/hadoop/share/hadoop/hdfs/lib/jersey-server-1.19.4.jar:/opt/bd/hadoop/share/hadoop/hdfs/lib/j2objc-annotations-1.1.jar:/opt/bd/hadoop/share/hadoop/hdfs/lib/jsch-0.1.55.jar:/opt/bd/hadoop/share/hadoop/hdfs/lib/httpcore-4.4.13.jar:/opt/bd/hadoop/share/hadoop/hdfs/lib/netty-transport-native-epoll-4.1.89.Final-linux-aarch_64.jar:/opt/bd/hadoop/share/hadoop/hdfs/lib/netty-transport-classes-epoll-4.1.89.Final.jar:/opt/bd/hadoop/share/hadoop/hdfs/lib/netty-handler-proxy-4.1.89.Final.jar:/opt/bd/hadoop/share/hadoop/hdfs/lib/animal-sniffer-annotations-1.17.jar:/opt/bd/hadoop/share/hadoop/hdfs/lib/commons-lang3-3.12.0.jar:/opt/bd/hadoop/share/hadoop/hdfs/lib/stax2-api-4.2.1.jar:/opt/bd/hadoop/share/hadoop/hdfs/lib/token-provider-1.0.1.jar:/opt/bd/hadoop/share/hadoop/hdfs/lib/commons-configuration2-2.8.0.jar:/opt/bd/hadoop/share/hadoop/hdfs/lib/kerby-pkix-1.0.1.jar:/opt/bd/hadoop/share/hadoop/hdfs/lib/netty-transport-4.1.89.Final.jar:/opt/bd/hadoop/share/hadoop/hdfs/lib/okhttp-4.9.3.jar:/opt/bd/hadoop/share/hadoop/hdfs/lib/jackson-databind-2.12.7.1.jar:/opt/bd/hadoop/share/hadoop/hdfs/lib/netty-handler-4.1.89.Final.jar:/opt/bd/hadoop/share/hadoop/hdfs/lib/jersey-servlet-1.19.4.jar:/opt/bd/hadoop/share/hadoop/hdfs/lib/nimbus-jose-jwt-9.8.1.jar:/opt/bd/hadoop/share/hadoop/hdfs/lib/leveldbjni-all-1.8.jar:/opt/bd/hadoop/share/hadoop/hdfs/lib/netty-codec-xml-4.1.89.Final.jar:/opt/bd/hadoop/share/hadoop/hdfs/lib/json-simple-1.1.1.jar:/opt/bd/hadoop/share/hadoop/hdfs/lib/kerb-core-1.0.1.jar:/opt/bd/hadoop/share/hadoop/hdfs/lib/commons-codec-1.15.jar:/opt/bd/hadoop/share/hadoop/hdfs/lib/jettison-1.5.4.jar:/opt/bd/hadoop/share/hadoop/hdfs/lib/commons-io-2.8.0.jar:/opt/bd/hadoop/share/hadoop/hdfs/lib/jackson-core-2.12.7.jar:/opt/bd/hadoop/share/hadoop/hdfs/lib/netty-codec-stomp-4.1.89.Final.jar:/opt/bd/hadoop/share/hadoop/hdfs/lib/kerby-util-1.0.1.jar:/opt/bd/hadoop/share/hadoop/hdfs/lib/netty-resolver-dns-native-macos-4.1.89.Final-osx-x86_64.jar:/opt/bd/hadoop/share/hadoop/hdfs/lib/jersey-json-1.20.jar:/opt/bd/hadoop/share/hadoop/hdfs/lib/netty-codec-smtp-4.1.89.Final.jar:/opt/bd/hadoop/share/hadoop/hdfs/lib/kerb-crypto-1.0.1.jar:/opt/bd/hadoop/share/hadoop/hdfs/lib/netty-handler-ssl-ocsp-4.1.89.Final.jar:/opt/bd/hadoop/share/hadoop/hdfs/lib/httpclient-4.5.13.jar:/opt/bd/hadoop/share/hadoop/hdfs/lib/netty-codec-mqtt-4.1.89.Final.jar:/opt/bd/hadoop/share/hadoop/hdfs/lib/paranamer-2.3.jar:/opt/bd/hadoop/share/hadoop/hdfs/lib/curator-client-5.2.0.jar:/opt/bd/hadoop/share/hadoop/hdfs/lib/netty-codec-dns-4.1.89.Final.jar:/opt/bd/hadoop/share/hadoop/hdfs/lib/audience-annotations-0.5.0.jar:/opt/bd/hadoop/share/hadoop/hdfs/lib/protobuf-java-2.5.0.jar:/opt/bd/hadoop/share/hadoop/hdfs/lib/jetty-xml-9.4.51.v20230217.jar:/opt/bd/hadoop/share/hadoop/hdfs/lib/failureaccess-1.0.jar:/opt/bd/hadoop/share/hadoop/hdfs/lib/snappy-java-1.1.8.2.jar:/opt/bd/hadoop/share/hadoop/hdfs/lib/re2j-1.1.jar:/opt/bd/hadoop/share/hadoop/hdfs/lib/netty-transport-native-kqueue-4.1.89.Final-osx-aarch_64.jar:/opt/bd/hadoop/share/hadoop/hdfs/lib/dnsjava-2.1.7.jar:/opt/bd/hadoop/share/hadoop/hdfs/lib/jetty-io-9.4.51.v20230217.jar:/opt/bd/hadoop/share/hadoop/hdfs/lib/jakarta.activation-api-1.2.1.jar:/opt/bd/hadoop/share/hadoop/hdfs/lib/metrics-core-3.2.4.jar:/opt/bd/hadoop/share/hadoop/hdfs/lib/curator-recipes-5.2.0.jar:/opt/bd/hadoop/share/hadoop/hdfs/lib/netty-buffer-4.1.89.Final.jar:/opt/bd/hadoop/share/hadoop/hdfs/lib/curator-framework-5.2.0.jar:/opt/bd/hadoop/share/hadoop/hdfs/lib/kerby-asn1-1.0.1.jar:/opt/bd/hadoop/share/hadoop/hdfs/lib/commons-compress-1.21.jar:/opt/bd/hadoop/share/hadoop/hdfs/lib/jcip-annotations-1.0-1.jar:/opt/bd/hadoop/share/hadoop/hdfs/lib/netty-resolver-4.1.89.Final.jar:/opt/bd/hadoop/share/hadoop/hdfs/lib/hadoop-shaded-guava-1.1.1.jar:/opt/bd/hadoop/share/hadoop/hdfs/lib/jaxb-api-2.2.11.jar:/opt/bd/hadoop/share/hadoop/hdfs/lib/netty-transport-rxtx-4.1.89.Final.jar:/opt/bd/hadoop/share/hadoop/hdfs/lib/kerby-config-1.0.1.jar:/opt/bd/hadoop/share/hadoop/hdfs/lib/okio-2.8.0.jar:/opt/bd/hadoop/share/hadoop/hdfs/lib/netty-transport-native-epoll-4.1.89.Final-linux-x86_64.jar:/opt/bd/hadoop/share/hadoop/hdfs/lib/woodstox-core-5.4.0.jar:/opt/bd/hadoop/share/hadoop/hdfs/lib/kotlin-stdlib-common-1.4.10.jar:/opt/bd/hadoop/share/hadoop/hdfs/lib/jersey-core-1.19.4.jar:/opt/bd/hadoop/share/hadoop/hdfs/lib/commons-collections-3.2.2.jar:/opt/bd/hadoop/share/hadoop/hdfs/lib/kerb-simplekdc-1.0.1.jar:/opt/bd/hadoop/share/hadoop/hdfs/lib/jetty-util-ajax-9.4.51.v20230217.jar:/opt/bd/hadoop/share/hadoop/hdfs/lib/commons-cli-1.2.jar:/opt/bd/hadoop/share/hadoop/hdfs/lib/netty-resolver-dns-classes-macos-4.1.89.Final.jar:/opt/bd/hadoop/share/hadoop/hdfs/lib/jetty-util-9.4.51.v20230217.jar:/opt/bd/hadoop/share/hadoop/hdfs/lib/netty-transport-classes-kqueue-4.1.89.Final.jar:/opt/bd/hadoop/share/hadoop/hdfs/lib/kerb-util-1.0.1.jar:/opt/bd/hadoop/share/hadoop/hdfs/lib/kotlin-stdlib-1.4.10.jar:/opt/bd/hadoop/share/hadoop/hdfs/lib/jackson-annotations-2.12.7.jar:/opt/bd/hadoop/share/hadoop/hdfs/lib/commons-math3-3.1.1.jar:/opt/bd/hadoop/share/hadoop/hdfs/lib/checker-qual-2.5.2.jar:/opt/bd/hadoop/share/hadoop/hdfs/lib/netty-resolver-dns-native-macos-4.1.89.Final-osx-aarch_64.jar:/opt/bd/hadoop/share/hadoop/hdfs/lib/netty-codec-http-4.1.89.Final.jar:/opt/bd/hadoop/share/hadoop/hdfs/lib/kerb-common-1.0.1.jar:/opt/bd/hadoop/share/hadoop/hdfs/lib/netty-codec-redis-4.1.89.Final.jar:/opt/bd/hadoop/share/hadoop/hdfs/lib/jaxb-impl-2.2.3-1.jar:/opt/bd/hadoop/share/hadoop/hdfs/lib/javax.servlet-api-3.1.0.jar:/opt/bd/hadoop/share/hadoop/hdfs/lib/gson-2.9.0.jar:/opt/bd/hadoop/share/hadoop/hdfs/lib/jetty-webapp-9.4.51.v20230217.jar:/opt/bd/hadoop/share/hadoop/hdfs/lib/hadoop-shaded-protobuf_3_7-1.1.1.jar:/opt/bd/hadoop/share/hadoop/hdfs/lib/commons-daemon-1.0.13.jar:/opt/bd/hadoop/share/hadoop/hdfs/lib/kerb-client-1.0.1.jar:/opt/bd/hadoop/share/hadoop/hdfs/lib/commons-net-3.9.0.jar:/opt/bd/hadoop/share/hadoop/hdfs/lib/avro-1.7.7.jar:/opt/bd/hadoop/share/hadoop/hdfs/lib/netty-transport-native-unix-common-4.1.89.Final.jar:/opt/bd/hadoop/share/hadoop/hdfs/lib/netty-codec-http2-4.1.89.Final.jar:/opt/bd/hadoop/share/hadoop/hdfs/lib/reload4j-1.2.22.jar:/opt/bd/hadoop/share/hadoop/hdfs/lib/netty-codec-haproxy-4.1.89.Final.jar:/opt/bd/hadoop/share/hadoop/hdfs/lib/jsr305-3.0.2.jar:/opt/bd/hadoop/share/hadoop/hdfs/lib/netty-codec-memcache-4.1.89.Final.jar:/opt/bd/hadoop/share/hadoop/hdfs/lib/netty-transport-native-kqueue-4.1.89.Final-osx-x86_64.jar:/opt/bd/hadoop/share/hadoop/hdfs/lib/kerb-server-1.0.1.jar:/opt/bd/hadoop/share/hadoop/hdfs/lib/hadoop-auth-3.3.6.jar:/opt/bd/hadoop/share/hadoop/hdfs/lib/kerb-admin-1.0.1.jar:/opt/bd/hadoop/share/hadoop/hdfs/lib/commons-logging-1.1.3.jar:/opt/bd/hadoop/share/hadoop/hdfs/lib/netty-resolver-dns-4.1.89.Final.jar:/opt/bd/hadoop/share/hadoop/hdfs/lib/jetty-server-9.4.51.v20230217.jar:/opt/bd/hadoop/share/hadoop/hdfs/lib/commons-beanutils-1.9.4.jar:/opt/bd/hadoop/share/hadoop/hdfs/lib/HikariCP-java7-2.4.12.jar:/opt/bd/hadoop/share/hadoop/hdfs/lib/netty-all-4.1.89.Final.jar:/opt/bd/hadoop/share/hadoop/hdfs/lib/jetty-http-9.4.51.v20230217.jar:/opt/bd/hadoop/share/hadoop/hdfs/lib/netty-codec-socks-4.1.89.Final.jar:/opt/bd/hadoop/share/hadoop/hdfs/lib/commons-text-1.10.0.jar:/opt/bd/hadoop/share/hadoop/hdfs/lib/zookeeper-jute-3.6.3.jar:/opt/bd/hadoop/share/hadoop/hdfs/hadoop-hdfs-client-3.3.6-tests.jar:/opt/bd/hadoop/share/hadoop/hdfs/hadoop-hdfs-nfs-3.3.6.jar:/opt/bd/hadoop/share/hadoop/hdfs/hadoop-hdfs-3.3.6-tests.jar:/opt/bd/hadoop/share/hadoop/hdfs/hadoop-hdfs-client-3.3.6.jar:/opt/bd/hadoop/share/hadoop/hdfs/hadoop-hdfs-httpfs-3.3.6.jar:/opt/bd/hadoop/share/hadoop/hdfs/hadoop-hdfs-native-client-3.3.6-tests.jar:/opt/bd/hadoop/share/hadoop/hdfs/hadoop-hdfs-3.3.6.jar:/opt/bd/hadoop/share/hadoop/hdfs/hadoop-hdfs-rbf-3.3.6.jar:/opt/bd/hadoop/share/hadoop/hdfs/hadoop-hdfs-rbf-3.3.6-tests.jar:/opt/bd/hadoop/share/hadoop/hdfs/hadoop-hdfs-native-client-3.3.6.jar:/opt/bd/hadoop/share/hadoop/mapreduce/hadoop-mapreduce-client-hs-plugins-3.3.6.jar:/opt/bd/hadoop/share/hadoop/mapreduce/hadoop-mapreduce-client-shuffle-3.3.6.jar:/opt/bd/hadoop/share/hadoop/mapreduce/hadoop-mapreduce-client-jobclient-3.3.6.jar:/opt/bd/hadoop/share/hadoop/mapreduce/hadoop-mapreduce-client-core-3.3.6.jar:/opt/bd/hadoop/share/hadoop/mapreduce/hadoop-mapreduce-client-jobclient-3.3.6-tests.jar:/opt/bd/hadoop/share/hadoop/mapreduce/hadoop-mapreduce-examples-3.3.6.jar:/opt/bd/hadoop/share/hadoop/mapreduce/hadoop-mapreduce-client-uploader-3.3.6.jar:/opt/bd/hadoop/share/hadoop/mapreduce/hadoop-mapreduce-client-common-3.3.6.jar:/opt/bd/hadoop/share/hadoop/mapreduce/hadoop-mapreduce-client-hs-3.3.6.jar:/opt/bd/hadoop/share/hadoop/mapreduce/hadoop-mapreduce-client-app-3.3.6.jar:/opt/bd/hadoop/share/hadoop/mapreduce/hadoop-mapreduce-client-nativetask-3.3.6.jar:/opt/bd/hadoop/share/hadoop/yarn:/opt/bd/hadoop/share/hadoop/yarn/lib/javax.inject-1.jar:/opt/bd/hadoop/share/hadoop/yarn/lib/jackson-jaxrs-json-provider-2.12.7.jar:/opt/bd/hadoop/share/hadoop/yarn/lib/websocket-client-9.4.51.v20230217.jar:/opt/bd/hadoop/share/hadoop/yarn/lib/jetty-client-9.4.51.v20230217.jar:/opt/bd/hadoop/share/hadoop/yarn/lib/asm-tree-9.4.jar:/opt/bd/hadoop/share/hadoop/yarn/lib/websocket-server-9.4.51.v20230217.jar:/opt/bd/hadoop/share/hadoop/yarn/lib/aopalliance-1.0.jar:/opt/bd/hadoop/share/hadoop/yarn/lib/objenesis-2.6.jar:/opt/bd/hadoop/share/hadoop/yarn/lib/jetty-annotations-9.4.51.v20230217.jar:/opt/bd/hadoop/share/hadoop/yarn/lib/jersey-client-1.19.4.jar:/opt/bd/hadoop/share/hadoop/yarn/lib/jetty-jndi-9.4.51.v20230217.jar:/opt/bd/hadoop/share/hadoop/yarn/lib/swagger-annotations-1.5.4.jar:/opt/bd/hadoop/share/hadoop/yarn/lib/jersey-guice-1.19.4.jar:/opt/bd/hadoop/share/hadoop/yarn/lib/asm-commons-9.4.jar:/opt/bd/hadoop/share/hadoop/yarn/lib/websocket-api-9.4.51.v20230217.jar:/opt/bd/hadoop/share/hadoop/yarn/lib/javax-websocket-server-impl-9.4.51.v20230217.jar:/opt/bd/hadoop/share/hadoop/yarn/lib/jackson-jaxrs-base-2.12.7.jar:/opt/bd/hadoop/share/hadoop/yarn/lib/websocket-common-9.4.51.v20230217.jar:/opt/bd/hadoop/share/hadoop/yarn/lib/jakarta.xml.bind-api-2.3.2.jar:/opt/bd/hadoop/share/hadoop/yarn/lib/json-io-2.5.1.jar:/opt/bd/hadoop/share/hadoop/yarn/lib/javax.websocket-client-api-1.0.jar:/opt/bd/hadoop/share/hadoop/yarn/lib/jna-5.2.0.jar:/opt/bd/hadoop/share/hadoop/yarn/lib/jackson-module-jaxb-annotations-2.12.7.jar:/opt/bd/hadoop/share/hadoop/yarn/lib/guice-servlet-4.0.jar:/opt/bd/hadoop/share/hadoop/yarn/lib/bcprov-jdk15on-1.68.jar:/opt/bd/hadoop/share/hadoop/yarn/lib/javax-websocket-client-impl-9.4.51.v20230217.jar:/opt/bd/hadoop/share/hadoop/yarn/lib/java-util-1.9.0.jar:/opt/bd/hadoop/share/hadoop/yarn/lib/jetty-plus-9.4.51.v20230217.jar:/opt/bd/hadoop/share/hadoop/yarn/lib/mssql-jdbc-6.2.1.jre7.jar:/opt/bd/hadoop/share/hadoop/yarn/lib/ehcache-3.3.1.jar:/opt/bd/hadoop/share/hadoop/yarn/lib/geronimo-jcache_1.0_spec-1.0-alpha-1.jar:/opt/bd/hadoop/share/hadoop/yarn/lib/snakeyaml-2.0.jar:/opt/bd/hadoop/share/hadoop/yarn/lib/fst-2.50.jar:/opt/bd/hadoop/share/hadoop/yarn/lib/websocket-servlet-9.4.51.v20230217.jar:/opt/bd/hadoop/share/hadoop/yarn/lib/jline-3.9.0.jar:/opt/bd/hadoop/share/hadoop/yarn/lib/guice-4.0.jar:/opt/bd/hadoop/share/hadoop/yarn/lib/bcpkix-jdk15on-1.68.jar:/opt/bd/hadoop/share/hadoop/yarn/lib/javax.websocket-api-1.0.jar:/opt/bd/hadoop/share/hadoop/yarn/hadoop-yarn-applications-unmanaged-am-launcher-3.3.6.jar:/opt/bd/hadoop/share/hadoop/yarn/hadoop-yarn-server-timeline-pluginstorage-3.3.6.jar:/opt/bd/hadoop/share/hadoop/yarn/hadoop-yarn-server-web-proxy-3.3.6.jar:/opt/bd/hadoop/share/hadoop/yarn/hadoop-yarn-server-tests-3.3.6.jar:/opt/bd/hadoop/share/hadoop/yarn/hadoop-yarn-server-applicationhistoryservice-3.3.6.jar:/opt/bd/hadoop/share/hadoop/yarn/hadoop-yarn-registry-3.3.6.jar:/opt/bd/hadoop/share/hadoop/yarn/hadoop-yarn-server-common-3.3.6.jar:/opt/bd/hadoop/share/hadoop/yarn/hadoop-yarn-services-api-3.3.6.jar:/opt/bd/hadoop/share/hadoop/yarn/hadoop-yarn-applications-distributedshell-3.3.6.jar:/opt/bd/hadoop/share/hadoop/yarn/hadoop-yarn-applications-mawo-core-3.3.6.jar:/opt/bd/hadoop/share/hadoop/yarn/hadoop-yarn-server-nodemanager-3.3.6.jar:/opt/bd/hadoop/share/hadoop/yarn/hadoop-yarn-common-3.3.6.jar:/opt/bd/hadoop/share/hadoop/yarn/hadoop-yarn-client-3.3.6.jar:/opt/bd/hadoop/share/hadoop/yarn/hadoop-yarn-api-3.3.6.jar:/opt/bd/hadoop/share/hadoop/yarn/hadoop-yarn-services-core-3.3.6.jar:/opt/bd/hadoop/share/hadoop/yarn/hadoop-yarn-server-resourcemanager-3.3.6.jar:/opt/bd/hadoop/share/hadoop/yarn/hadoop-yarn-server-router-3.3.6.jar:/opt/bd/hadoop/share/hadoop/yarn/hadoop-yarn-server-sharedcachemanager-3.3.6.jar
STARTUP_MSG:   build = https://github.com/apache/hadoop.git -r 1be78238728da9266a4f88195058f08fd012bf9c; compiled by 'ubuntu' on 2023-06-18T08:22Z
STARTUP_MSG:   java = 1.8.0_382
************************************************************/
2023-09-28 16:52:55,951 INFO org.apache.hadoop.hdfs.server.namenode.NameNode: registered UNIX signal handlers for [TERM, HUP, INT]
2023-09-28 16:52:56,023 INFO org.apache.hadoop.hdfs.server.namenode.NameNode: createNameNode []
2023-09-28 16:52:56,122 INFO org.apache.hadoop.metrics2.impl.MetricsConfig: Loaded properties from hadoop-metrics2.properties
2023-09-28 16:52:56,183 INFO org.apache.hadoop.metrics2.impl.MetricsSystemImpl: Scheduled Metric snapshot period at 10 second(s).
2023-09-28 16:52:56,183 INFO org.apache.hadoop.metrics2.impl.MetricsSystemImpl: NameNode metrics system started
2023-09-28 16:52:56,191 INFO org.apache.hadoop.hdfs.server.namenode.NameNodeUtils: fs.defaultFS is hdfs://namenode:9000/
2023-09-28 16:52:56,191 INFO org.apache.hadoop.hdfs.server.namenode.NameNode: Clients should use namenode:9000 to access this namenode/service.
2023-09-28 16:52:56,294 INFO org.apache.hadoop.util.JvmPauseMonitor: Starting JVM pause monitor
2023-09-28 16:52:56,309 INFO org.apache.hadoop.hdfs.DFSUtil: Filter initializers set : org.apache.hadoop.http.lib.StaticUserWebFilter,org.apache.hadoop.hdfs.web.AuthFilterInitializer
2023-09-28 16:52:56,312 INFO org.apache.hadoop.hdfs.DFSUtil: Starting Web-server for hdfs at: http://namenode:9870
2023-09-28 16:52:56,319 INFO org.eclipse.jetty.util.log: Logging initialized @752ms to org.eclipse.jetty.util.log.Slf4jLog
2023-09-28 16:52:56,390 WARN org.apache.hadoop.security.authentication.server.AuthenticationFilter: Unable to initialize FileSignerSecretProvider, falling back to use random secrets. Reason: Could not read signature secret file: /opt/bd/hadoop-http-auth-signature-secret
2023-09-28 16:52:56,397 INFO org.apache.hadoop.http.HttpRequestLog: Http request log for http.requests.namenode is not defined
2023-09-28 16:52:56,402 INFO org.apache.hadoop.http.HttpServer2: Added global filter 'safety' (class=org.apache.hadoop.http.HttpServer2$QuotingInputFilter)
2023-09-28 16:52:56,404 INFO org.apache.hadoop.http.HttpServer2: Added filter static_user_filter (class=org.apache.hadoop.http.lib.StaticUserWebFilter$StaticUserFilter) to context hdfs
2023-09-28 16:52:56,405 INFO org.apache.hadoop.http.HttpServer2: Added filter static_user_filter (class=org.apache.hadoop.http.lib.StaticUserWebFilter$StaticUserFilter) to context logs
2023-09-28 16:52:56,405 INFO org.apache.hadoop.http.HttpServer2: Added filter static_user_filter (class=org.apache.hadoop.http.lib.StaticUserWebFilter$StaticUserFilter) to context static
2023-09-28 16:52:56,408 INFO org.apache.hadoop.http.HttpServer2: Added filter AuthFilter (class=org.apache.hadoop.hdfs.web.AuthFilter) to context hdfs
2023-09-28 16:52:56,408 INFO org.apache.hadoop.http.HttpServer2: Added filter AuthFilter (class=org.apache.hadoop.hdfs.web.AuthFilter) to context logs
2023-09-28 16:52:56,408 INFO org.apache.hadoop.http.HttpServer2: Added filter AuthFilter (class=org.apache.hadoop.hdfs.web.AuthFilter) to context static
2023-09-28 16:52:56,428 INFO org.apache.hadoop.http.HttpServer2: addJerseyResourcePackage: packageName=org.apache.hadoop.hdfs.server.namenode.web.resources;org.apache.hadoop.hdfs.web.resources, pathSpec=/webhdfs/v1/*
2023-09-28 16:52:56,434 INFO org.apache.hadoop.http.HttpServer2: Jetty bound to port 9870
2023-09-28 16:52:56,435 INFO org.eclipse.jetty.server.Server: jetty-9.4.51.v20230217; built: 2023-02-17T08:19:37.309Z; git: b45c405e4544384de066f814ed42ae3dceacdd49; jvm 1.8.0_382-8u382-ga-1~22.04.1-b05
2023-09-28 16:52:56,450 INFO org.eclipse.jetty.server.session: DefaultSessionIdManager workerName=node0
2023-09-28 16:52:56,450 INFO org.eclipse.jetty.server.session: No SessionScavenger set, using defaults
2023-09-28 16:52:56,451 INFO org.eclipse.jetty.server.session: node0 Scavenging every 660000ms
2023-09-28 16:52:56,461 WARN org.apache.hadoop.security.authentication.server.AuthenticationFilter: Unable to initialize FileSignerSecretProvider, falling back to use random secrets. Reason: Could not read signature secret file: /opt/bd/hadoop-http-auth-signature-secret
2023-09-28 16:52:56,462 INFO org.eclipse.jetty.server.handler.ContextHandler: Started o.e.j.s.ServletContextHandler@448c8166{logs,/logs,file:///opt/bd/hadoop/logs/,AVAILABLE}
2023-09-28 16:52:56,463 INFO org.eclipse.jetty.server.handler.ContextHandler: Started o.e.j.s.ServletContextHandler@503f91c3{static,/static,file:///opt/bd/hadoop-3.3.6/share/hadoop/hdfs/webapps/static/,AVAILABLE}
2023-09-28 16:52:56,504 INFO org.eclipse.jetty.server.handler.ContextHandler: Started o.e.j.w.WebAppContext@6f7923a5{hdfs,/,file:///opt/bd/hadoop-3.3.6/share/hadoop/hdfs/webapps/hdfs/,AVAILABLE}{file:/opt/bd/hadoop-3.3.6/share/hadoop/hdfs/webapps/hdfs}
2023-09-28 16:52:56,509 INFO org.eclipse.jetty.server.AbstractConnector: Started ServerConnector@456d6c1e{HTTP/1.1, (http/1.1)}{namenode:9870}
2023-09-28 16:52:56,509 INFO org.eclipse.jetty.server.Server: Started @943ms
2023-09-28 16:52:56,641 WARN org.apache.hadoop.hdfs.server.namenode.FSNamesystem: Only one image storage directory (dfs.namenode.name.dir) configured. Beware of data loss due to lack of redundant storage directories!
2023-09-28 16:52:56,641 WARN org.apache.hadoop.hdfs.server.namenode.FSNamesystem: Only one namespace edits storage directory (dfs.namenode.edits.dir) configured. Beware of data loss due to lack of redundant storage directories!
2023-09-28 16:52:56,667 INFO org.apache.hadoop.hdfs.server.namenode.FSEditLog: Edit logging is async:true
2023-09-28 16:52:56,684 INFO org.apache.hadoop.hdfs.server.namenode.FSNamesystem: KeyProvider: null
2023-09-28 16:52:56,685 INFO org.apache.hadoop.hdfs.server.namenode.FSNamesystem: fsLock is fair: true
2023-09-28 16:52:56,685 INFO org.apache.hadoop.hdfs.server.namenode.FSNamesystem: Detailed lock hold time metrics enabled: false
2023-09-28 16:52:56,688 INFO org.apache.hadoop.hdfs.server.namenode.FSNamesystem: fsOwner                = hdadmin (auth:SIMPLE)
2023-09-28 16:52:56,688 INFO org.apache.hadoop.hdfs.server.namenode.FSNamesystem: supergroup             = supergroup
2023-09-28 16:52:56,688 INFO org.apache.hadoop.hdfs.server.namenode.FSNamesystem: isPermissionEnabled    = true
2023-09-28 16:52:56,688 INFO org.apache.hadoop.hdfs.server.namenode.FSNamesystem: isStoragePolicyEnabled = true
2023-09-28 16:52:56,688 INFO org.apache.hadoop.hdfs.server.namenode.FSNamesystem: HA Enabled: false
2023-09-28 16:52:56,710 INFO org.apache.hadoop.hdfs.server.common.Util: dfs.datanode.fileio.profiling.sampling.percentage set to 0. Disabling file IO profiling
2023-09-28 16:52:56,793 INFO org.apache.hadoop.hdfs.server.blockmanagement.DatanodeManager: dfs.block.invalidate.limit : configured=1000, counted=60, effected=1000
2023-09-28 16:52:56,793 INFO org.apache.hadoop.hdfs.server.blockmanagement.DatanodeManager: dfs.namenode.datanode.registration.ip-hostname-check=true
2023-09-28 16:52:56,795 INFO org.apache.hadoop.hdfs.server.blockmanagement.BlockManager: dfs.namenode.startup.delay.block.deletion.sec is set to 000:00:00:00.000
2023-09-28 16:52:56,795 INFO org.apache.hadoop.hdfs.server.blockmanagement.BlockManager: The block deletion will start around 2023 sep 28 16:52:56
2023-09-28 16:52:56,796 INFO org.apache.hadoop.util.GSet: Computing capacity for map BlocksMap
2023-09-28 16:52:56,796 INFO org.apache.hadoop.util.GSet: VM type       = 64-bit
2023-09-28 16:52:56,797 INFO org.apache.hadoop.util.GSet: 2.0% max memory 3.4 GB = 70.5 MB
2023-09-28 16:52:56,797 INFO org.apache.hadoop.util.GSet: capacity      = 2^23 = 8388608 entries
2023-09-28 16:52:56,818 INFO org.apache.hadoop.hdfs.server.blockmanagement.BlockManager: Storage policy satisfier is disabled
2023-09-28 16:52:56,818 INFO org.apache.hadoop.hdfs.server.blockmanagement.BlockManager: dfs.block.access.token.enable = false
2023-09-28 16:52:56,822 INFO org.apache.hadoop.hdfs.server.blockmanagement.BlockManagerSafeMode: dfs.namenode.safemode.threshold-pct = 0.999
2023-09-28 16:52:56,822 INFO org.apache.hadoop.hdfs.server.blockmanagement.BlockManagerSafeMode: dfs.namenode.safemode.min.datanodes = 0
2023-09-28 16:52:56,822 INFO org.apache.hadoop.hdfs.server.blockmanagement.BlockManagerSafeMode: dfs.namenode.safemode.extension = 30000
2023-09-28 16:52:56,823 INFO org.apache.hadoop.hdfs.server.blockmanagement.BlockManager: defaultReplication         = 3
2023-09-28 16:52:56,823 INFO org.apache.hadoop.hdfs.server.blockmanagement.BlockManager: maxReplication             = 512
2023-09-28 16:52:56,823 INFO org.apache.hadoop.hdfs.server.blockmanagement.BlockManager: minReplication             = 1
2023-09-28 16:52:56,823 INFO org.apache.hadoop.hdfs.server.blockmanagement.BlockManager: maxReplicationStreams      = 2
2023-09-28 16:52:56,823 INFO org.apache.hadoop.hdfs.server.blockmanagement.BlockManager: redundancyRecheckInterval  = 3000ms
2023-09-28 16:52:56,823 INFO org.apache.hadoop.hdfs.server.blockmanagement.BlockManager: encryptDataTransfer        = false
2023-09-28 16:52:56,823 INFO org.apache.hadoop.hdfs.server.blockmanagement.BlockManager: maxNumBlocksToLog          = 1000
2023-09-28 16:52:56,846 INFO org.apache.hadoop.hdfs.server.namenode.FSDirectory: GLOBAL serial map: bits=29 maxEntries=536870911
2023-09-28 16:52:56,846 INFO org.apache.hadoop.hdfs.server.namenode.FSDirectory: USER serial map: bits=24 maxEntries=16777215
2023-09-28 16:52:56,846 INFO org.apache.hadoop.hdfs.server.namenode.FSDirectory: GROUP serial map: bits=24 maxEntries=16777215
2023-09-28 16:52:56,846 INFO org.apache.hadoop.hdfs.server.namenode.FSDirectory: XATTR serial map: bits=24 maxEntries=16777215
2023-09-28 16:52:56,854 INFO org.apache.hadoop.util.GSet: Computing capacity for map INodeMap
2023-09-28 16:52:56,854 INFO org.apache.hadoop.util.GSet: VM type       = 64-bit
2023-09-28 16:52:56,855 INFO org.apache.hadoop.util.GSet: 1.0% max memory 3.4 GB = 35.3 MB
2023-09-28 16:52:56,855 INFO org.apache.hadoop.util.GSet: capacity      = 2^22 = 4194304 entries
2023-09-28 16:52:56,855 INFO org.apache.hadoop.hdfs.server.namenode.FSDirectory: ACLs enabled? true
2023-09-28 16:52:56,855 INFO org.apache.hadoop.hdfs.server.namenode.FSDirectory: POSIX ACL inheritance enabled? true
2023-09-28 16:52:56,855 INFO org.apache.hadoop.hdfs.server.namenode.FSDirectory: XAttrs enabled? true
2023-09-28 16:52:56,856 INFO org.apache.hadoop.hdfs.server.namenode.NameNode: Caching file names occurring more than 10 times
2023-09-28 16:52:56,859 INFO org.apache.hadoop.hdfs.server.namenode.snapshot.SnapshotManager: Loaded config captureOpenFiles: false, skipCaptureAccessTimeOnlyChange: false, snapshotDiffAllowSnapRootDescendant: true, maxSnapshotLimit: 65536
2023-09-28 16:52:56,860 INFO org.apache.hadoop.hdfs.server.namenode.snapshot.SnapshotManager: SkipList is disabled
2023-09-28 16:52:56,863 INFO org.apache.hadoop.util.GSet: Computing capacity for map cachedBlocks
2023-09-28 16:52:56,863 INFO org.apache.hadoop.util.GSet: VM type       = 64-bit
2023-09-28 16:52:56,863 INFO org.apache.hadoop.util.GSet: 0.25% max memory 3.4 GB = 8.8 MB
2023-09-28 16:52:56,863 INFO org.apache.hadoop.util.GSet: capacity      = 2^20 = 1048576 entries
2023-09-28 16:52:56,868 INFO org.apache.hadoop.hdfs.server.namenode.top.metrics.TopMetrics: NNTop conf: dfs.namenode.top.window.num.buckets = 10
2023-09-28 16:52:56,868 INFO org.apache.hadoop.hdfs.server.namenode.top.metrics.TopMetrics: NNTop conf: dfs.namenode.top.num.users = 10
2023-09-28 16:52:56,868 INFO org.apache.hadoop.hdfs.server.namenode.top.metrics.TopMetrics: NNTop conf: dfs.namenode.top.windows.minutes = 1,5,25
2023-09-28 16:52:56,871 INFO org.apache.hadoop.hdfs.server.namenode.FSNamesystem: Retry cache on namenode is enabled
2023-09-28 16:52:56,871 INFO org.apache.hadoop.hdfs.server.namenode.FSNamesystem: Retry cache will use 0.03 of total heap and retry cache entry expiry time is 600000 millis
2023-09-28 16:52:56,873 INFO org.apache.hadoop.util.GSet: Computing capacity for map NameNodeRetryCache
2023-09-28 16:52:56,873 INFO org.apache.hadoop.util.GSet: VM type       = 64-bit
2023-09-28 16:52:56,873 INFO org.apache.hadoop.util.GSet: 0.029999999329447746% max memory 3.4 GB = 1.1 MB
2023-09-28 16:52:56,873 INFO org.apache.hadoop.util.GSet: capacity      = 2^17 = 131072 entries
2023-09-28 16:52:56,887 INFO org.apache.hadoop.hdfs.server.common.Storage: Lock on /var/data/hdfs/namenode/in_use.lock acquired by nodename 113@namenode
2023-09-28 16:52:56,903 INFO org.apache.hadoop.hdfs.server.namenode.FileJournalManager: Recovering unfinalized segments in /var/data/hdfs/namenode/current
2023-09-28 16:52:56,903 INFO org.apache.hadoop.hdfs.server.namenode.FSImage: No edit log streams selected.
2023-09-28 16:52:56,904 INFO org.apache.hadoop.hdfs.server.namenode.FSImage: Planning to load image: FSImageFile(file=/var/data/hdfs/namenode/current/fsimage_0000000000000000000, cpktTxId=0000000000000000000)
2023-09-28 16:52:56,950 INFO org.apache.hadoop.hdfs.server.namenode.FSImageFormatPBINode: Loading 1 INodes.
2023-09-28 16:52:56,955 INFO org.apache.hadoop.hdfs.server.namenode.FSImageFormatPBINode: Successfully loaded 1 inodes
2023-09-28 16:52:56,959 INFO org.apache.hadoop.hdfs.server.namenode.FSImageFormatPBINode: Completed update blocks map and name cache, total waiting duration 0ms.
2023-09-28 16:52:56,964 INFO org.apache.hadoop.hdfs.server.namenode.FSImageFormatProtobuf: Loaded FSImage in 0 seconds.
2023-09-28 16:52:56,964 INFO org.apache.hadoop.hdfs.server.namenode.FSImage: Loaded image for txid 0 from /var/data/hdfs/namenode/current/fsimage_0000000000000000000
2023-09-28 16:52:56,967 INFO org.apache.hadoop.hdfs.server.namenode.FSNamesystem: Need to save fs image? false (staleImage=false, haEnabled=false, isRollingUpgrade=false)
2023-09-28 16:52:56,967 INFO org.apache.hadoop.hdfs.server.namenode.FSEditLog: Starting log segment at 1
2023-09-28 16:52:57,032 INFO org.apache.hadoop.hdfs.server.namenode.NameCache: initialized with 0 entries 0 lookups
2023-09-28 16:52:57,032 INFO org.apache.hadoop.hdfs.server.namenode.FSNamesystem: Finished loading FSImage in 156 msecs
2023-09-28 16:52:57,159 INFO org.apache.hadoop.hdfs.server.namenode.NameNode: RPC server is binding to namenode:9000
2023-09-28 16:52:57,159 INFO org.apache.hadoop.hdfs.server.namenode.NameNode: Enable NameNode state context:false
2023-09-28 16:52:57,164 INFO org.apache.hadoop.ipc.CallQueueManager: Using callQueue: class java.util.concurrent.LinkedBlockingQueue, queueCapacity: 1000, scheduler: class org.apache.hadoop.ipc.DefaultRpcScheduler, ipcBackoff: false.
2023-09-28 16:52:57,170 INFO org.apache.hadoop.ipc.Server: Listener at namenode:9000
2023-09-28 16:52:57,171 INFO org.apache.hadoop.ipc.Server: Starting Socket Reader #1 for port 9000
2023-09-28 16:52:57,208 INFO org.apache.hadoop.hdfs.server.namenode.FSNamesystem: Registered FSNamesystemState, ReplicatedBlocksState and ECBlockGroupsState MBeans.
2023-09-28 16:52:57,214 INFO org.apache.hadoop.hdfs.server.namenode.LeaseManager: Number of blocks under construction: 0
2023-09-28 16:52:57,221 INFO org.apache.hadoop.hdfs.server.blockmanagement.DatanodeAdminDefaultMonitor: Initialized the Default Decommission and Maintenance monitor
2023-09-28 16:52:57,222 INFO org.apache.hadoop.hdfs.server.blockmanagement.BlockManager: Start MarkedDeleteBlockScrubber thread
2023-09-28 16:52:57,224 INFO org.apache.hadoop.hdfs.server.blockmanagement.BlockManager: initializing replication queues
2023-09-28 16:52:57,224 INFO org.apache.hadoop.hdfs.StateChange: STATE* Leaving safe mode after 0 secs
2023-09-28 16:52:57,224 INFO org.apache.hadoop.hdfs.StateChange: STATE* Network topology has 0 racks and 0 datanodes
2023-09-28 16:52:57,224 INFO org.apache.hadoop.hdfs.StateChange: STATE* UnderReplicatedBlocks has 0 blocks
2023-09-28 16:52:57,237 INFO org.apache.hadoop.hdfs.server.blockmanagement.BlockManager: Total number of blocks            = 0
2023-09-28 16:52:57,238 INFO org.apache.hadoop.hdfs.server.blockmanagement.BlockManager: Number of invalid blocks          = 0
2023-09-28 16:52:57,238 INFO org.apache.hadoop.hdfs.server.blockmanagement.BlockManager: Number of under-replicated blocks = 0
2023-09-28 16:52:57,238 INFO org.apache.hadoop.hdfs.server.blockmanagement.BlockManager: Number of  over-replicated blocks = 0
2023-09-28 16:52:57,238 INFO org.apache.hadoop.hdfs.server.blockmanagement.BlockManager: Number of blocks being written    = 0
2023-09-28 16:52:57,238 INFO org.apache.hadoop.hdfs.StateChange: STATE* Replication Queue initialization scan for invalid, over- and under-replicated blocks completed in 13 msec
2023-09-28 16:52:57,248 INFO org.apache.hadoop.ipc.Server: IPC Server Responder: starting
2023-09-28 16:52:57,248 INFO org.apache.hadoop.ipc.Server: IPC Server listener on 9000: starting
2023-09-28 16:52:57,249 INFO org.apache.hadoop.hdfs.server.namenode.NameNode: NameNode RPC up at: namenode/172.19.0.2:9000
2023-09-28 16:52:57,251 INFO org.apache.hadoop.hdfs.server.namenode.FSNamesystem: Starting services required for active state
2023-09-28 16:52:57,252 INFO org.apache.hadoop.hdfs.server.namenode.FSDirectory: Initializing quota with 12 thread(s)
2023-09-28 16:52:57,256 INFO org.apache.hadoop.hdfs.server.namenode.FSDirectory: Quota initialization completed in 5 milliseconds
name space=1
storage space=0
storage types=RAM_DISK=0, SSD=0, DISK=0, ARCHIVE=0, PROVIDED=0
2023-09-28 16:52:57,259 INFO org.apache.hadoop.hdfs.server.blockmanagement.CacheReplicationMonitor: Starting CacheReplicationMonitor with interval 30000 milliseconds
