hdadmin@namenode:~/wordcount$ yarn jar  target/wordcount*.jar libros wordcount-out
2023-10-08 17:33:24,866 INFO client.DefaultNoHARMFailoverProxyProvider: Connecting to ResourceManager at resourcemanager/172.21.0.2:8032
Exception in thread "main" org.apache.hadoop.mapred.FileAlreadyExistsException: Output directory hdfs://namenode:9000/user/hdadmin/wordcount-out already exists
	at org.apache.hadoop.mapreduce.lib.output.FileOutputFormat.checkOutputSpecs(FileOutputFormat.java:164)
	at org.apache.hadoop.mapreduce.JobSubmitter.checkSpecs(JobSubmitter.java:277)
	at org.apache.hadoop.mapreduce.JobSubmitter.submitJobInternal(JobSubmitter.java:143)
	at org.apache.hadoop.mapreduce.Job$11.run(Job.java:1678)
	at org.apache.hadoop.mapreduce.Job$11.run(Job.java:1675)
	at java.security.AccessController.doPrivileged(Native Method)
	at javax.security.auth.Subject.doAs(Subject.java:422)
	at org.apache.hadoop.security.UserGroupInformation.doAs(UserGroupInformation.java:1899)
	at org.apache.hadoop.mapreduce.Job.submit(Job.java:1675)
	at org.apache.hadoop.mapreduce.Job.waitForCompletion(Job.java:1696)
	at cursohadoop.wordcount.WordCountDriver.run(WordCountDriver.java:36)
	at org.apache.hadoop.util.ToolRunner.run(ToolRunner.java:82)
	at org.apache.hadoop.util.ToolRunner.run(ToolRunner.java:97)
	at cursohadoop.wordcount.WordCountDriver.main(WordCountDriver.java:40)
	at sun.reflect.NativeMethodAccessorImpl.invoke0(Native Method)
	at sun.reflect.NativeMethodAccessorImpl.invoke(NativeMethodAccessorImpl.java:62)
	at sun.reflect.DelegatingMethodAccessorImpl.invoke(DelegatingMethodAccessorImpl.java:43)
	at java.lang.reflect.Method.invoke(Method.java:498)
	at org.apache.hadoop.util.RunJar.run(RunJar.java:328)
	at org.apache.hadoop.util.RunJar.main(RunJar.java:241)

###########################################
SOL

hadoop fs -rm -r hdfs://namenode:9000/user/hdadmin/wordcount-out
Deleted hdfs://namenode:9000/user/hdadmin/wordcount-out
