hdadmin@backupnode:~$ hdfs namenode -backup
2023-10-08 13:14:55,835 INFO namenode.NameNode: STARTUP_MSG: 
/************************************************************
STARTUP_MSG: Starting NameNode
STARTUP_MSG:   host = backupnode/172.18.0.7
STARTUP_MSG:   args = [-backup]
STARTUP_MSG:   version = 3.3.6
STARTUP_MSG:   classpath = /opt/bd/hadoop/etc/hadoop:/opt/bd/hadoop/share/hadoop/common/lib/curator-framework-5.2.0.jar:/opt/bd/hadoop/share/hadoop/common/lib/kerb-common-1.0.1.jar:/opt/bd/hadoop/share/hadoop/common/lib/jetty-webapp-9.4.51.v20230217.jar:/opt/bd/hadoop/share/hadoop/common/lib/listenablefuture-9999.0-empty-to-avoid-conflict-with-guava.jar:/opt/bd/hadoop/share/hadoop/common/lib/kerby-pkix-1.0.1.jar:/opt/bd/hadoop/share/hadoop/common/lib/httpclient-4.5.13.jar:/opt/bd/hadoop/share/hadoop/common/lib/netty-transport-native-epoll-4.1.89.Final-linux-x86_64.jar:/opt/bd/hadoop/share/hadoop/common/lib/animal-sniffer-annotations-1.17.jar:/opt/bd/hadoop/share/hadoop/common/lib/zookeeper-jute-3.6.3.jar:/opt/bd/hadoop/share/hadoop/common/lib/netty-transport-native-epoll-4.1.89.Final-linux-aarch_64.jar:/opt/bd/hadoop/share/hadoop/common/lib/netty-transport-classes-epoll-4.1.89.Final.jar:/opt/bd/hadoop/share/hadoop/common/lib/kerb-client-1.0.1.jar:/opt/bd/hadoop/share/hadoop/common/lib/slf4j-reload4j-1.7.36.jar:/opt/bd/hadoop/share/hadoop/common/lib/netty-transport-sctp-4.1.89.Final.jar:/opt/bd/hadoop/share/hadoop/common/lib/jsr311-api-1.1.1.jar:/opt/bd/hadoop/share/hadoop/common/lib/netty-codec-mqtt-4.1.89.Final.jar:/opt/bd/hadoop/share/hadoop/common/lib/netty-buffer-4.1.89.Final.jar:/opt/bd/hadoop/share/hadoop/common/lib/checker-qual-2.5.2.jar:/opt/bd/hadoop/share/hadoop/common/lib/jetty-http-9.4.51.v20230217.jar:/opt/bd/hadoop/share/hadoop/common/lib/jakarta.activation-api-1.2.1.jar:/opt/bd/hadoop/share/hadoop/common/lib/jackson-core-asl-1.9.13.jar:/opt/bd/hadoop/share/hadoop/common/lib/netty-transport-native-kqueue-4.1.89.Final-osx-aarch_64.jar:/opt/bd/hadoop/share/hadoop/common/lib/jersey-server-1.19.4.jar:/opt/bd/hadoop/share/hadoop/common/lib/netty-codec-socks-4.1.89.Final.jar:/opt/bd/hadoop/share/hadoop/common/lib/kerb-server-1.0.1.jar:/opt/bd/hadoop/share/hadoop/common/lib/kerb-crypto-1.0.1.jar:/opt/bd/hadoop/share/hadoop/common/lib/jaxb-impl-2.2.3-1.jar:/opt/bd/hadoop/share/hadoop/common/lib/netty-codec-memcache-4.1.89.Final.jar:/opt/bd/hadoop/share/hadoop/common/lib/token-provider-1.0.1.jar:/opt/bd/hadoop/share/hadoop/common/lib/hadoop-shaded-protobuf_3_7-1.1.1.jar:/opt/bd/hadoop/share/hadoop/common/lib/zookeeper-3.6.3.jar:/opt/bd/hadoop/share/hadoop/common/lib/jackson-core-2.12.7.jar:/opt/bd/hadoop/share/hadoop/common/lib/j2objc-annotations-1.1.jar:/opt/bd/hadoop/share/hadoop/common/lib/commons-lang3-3.12.0.jar:/opt/bd/hadoop/share/hadoop/common/lib/nimbus-jose-jwt-9.8.1.jar:/opt/bd/hadoop/share/hadoop/common/lib/kerb-admin-1.0.1.jar:/opt/bd/hadoop/share/hadoop/common/lib/netty-all-4.1.89.Final.jar:/opt/bd/hadoop/share/hadoop/common/lib/netty-handler-4.1.89.Final.jar:/opt/bd/hadoop/share/hadoop/common/lib/commons-beanutils-1.9.4.jar:/opt/bd/hadoop/share/hadoop/common/lib/commons-text-1.10.0.jar:/opt/bd/hadoop/share/hadoop/common/lib/re2j-1.1.jar:/opt/bd/hadoop/share/hadoop/common/lib/snappy-java-1.1.8.2.jar:/opt/bd/hadoop/share/hadoop/common/lib/jackson-databind-2.12.7.1.jar:/opt/bd/hadoop/share/hadoop/common/lib/javax.servlet-api-3.1.0.jar:/opt/bd/hadoop/share/hadoop/common/lib/netty-handler-proxy-4.1.89.Final.jar:/opt/bd/hadoop/share/hadoop/common/lib/metrics-core-3.2.4.jar:/opt/bd/hadoop/share/hadoop/common/lib/httpcore-4.4.13.jar:/opt/bd/hadoop/share/hadoop/common/lib/kerby-config-1.0.1.jar:/opt/bd/hadoop/share/hadoop/common/lib/kerby-xdr-1.0.1.jar:/opt/bd/hadoop/share/hadoop/common/lib/dnsjava-2.1.7.jar:/opt/bd/hadoop/share/hadoop/common/lib/curator-client-5.2.0.jar:/opt/bd/hadoop/share/hadoop/common/lib/hadoop-annotations-3.3.6.jar:/opt/bd/hadoop/share/hadoop/common/lib/netty-transport-rxtx-4.1.89.Final.jar:/opt/bd/hadoop/share/hadoop/common/lib/netty-codec-dns-4.1.89.Final.jar:/opt/bd/hadoop/share/hadoop/common/lib/netty-transport-classes-kqueue-4.1.89.Final.jar:/opt/bd/hadoop/share/hadoop/common/lib/netty-resolver-dns-native-macos-4.1.89.Final-osx-x86_64.jar:/opt/bd/hadoop/share/hadoop/common/lib/commons-collections-3.2.2.jar:/opt/bd/hadoop/share/hadoop/common/lib/woodstox-core-5.4.0.jar:/opt/bd/hadoop/share/hadoop/common/lib/avro-1.7.7.jar:/opt/bd/hadoop/share/hadoop/common/lib/jersey-servlet-1.19.4.jar:/opt/bd/hadoop/share/hadoop/common/lib/jcip-annotations-1.0-1.jar:/opt/bd/hadoop/share/hadoop/common/lib/netty-common-4.1.89.Final.jar:/opt/bd/hadoop/share/hadoop/common/lib/guava-27.0-jre.jar:/opt/bd/hadoop/share/hadoop/common/lib/kerb-identity-1.0.1.jar:/opt/bd/hadoop/share/hadoop/common/lib/netty-transport-native-kqueue-4.1.89.Final-osx-x86_64.jar:/opt/bd/hadoop/share/hadoop/common/lib/jetty-server-9.4.51.v20230217.jar:/opt/bd/hadoop/share/hadoop/common/lib/kerb-core-1.0.1.jar:/opt/bd/hadoop/share/hadoop/common/lib/netty-codec-smtp-4.1.89.Final.jar:/opt/bd/hadoop/share/hadoop/common/lib/jersey-core-1.19.4.jar:/opt/bd/hadoop/share/hadoop/common/lib/jetty-security-9.4.51.v20230217.jar:/opt/bd/hadoop/share/hadoop/common/lib/slf4j-api-1.7.36.jar:/opt/bd/hadoop/share/hadoop/common/lib/jetty-io-9.4.51.v20230217.jar:/opt/bd/hadoop/share/hadoop/common/lib/curator-recipes-5.2.0.jar:/opt/bd/hadoop/share/hadoop/common/lib/audience-annotations-0.5.0.jar:/opt/bd/hadoop/share/hadoop/common/lib/gson-2.9.0.jar:/opt/bd/hadoop/share/hadoop/common/lib/jetty-util-ajax-9.4.51.v20230217.jar:/opt/bd/hadoop/share/hadoop/common/lib/jsr305-3.0.2.jar:/opt/bd/hadoop/share/hadoop/common/lib/netty-codec-redis-4.1.89.Final.jar:/opt/bd/hadoop/share/hadoop/common/lib/netty-resolver-4.1.89.Final.jar:/opt/bd/hadoop/share/hadoop/common/lib/hadoop-shaded-guava-1.1.1.jar:/opt/bd/hadoop/share/hadoop/common/lib/netty-transport-udt-4.1.89.Final.jar:/opt/bd/hadoop/share/hadoop/common/lib/jsp-api-2.1.jar:/opt/bd/hadoop/share/hadoop/common/lib/jsch-0.1.55.jar:/opt/bd/hadoop/share/hadoop/common/lib/netty-codec-http-4.1.89.Final.jar:/opt/bd/hadoop/share/hadoop/common/lib/commons-configuration2-2.8.0.jar:/opt/bd/hadoop/share/hadoop/common/lib/stax2-api-4.2.1.jar:/opt/bd/hadoop/share/hadoop/common/lib/jetty-util-9.4.51.v20230217.jar:/opt/bd/hadoop/share/hadoop/common/lib/jackson-mapper-asl-1.9.13.jar:/opt/bd/hadoop/share/hadoop/common/lib/paranamer-2.3.jar:/opt/bd/hadoop/share/hadoop/common/lib/kerby-asn1-1.0.1.jar:/opt/bd/hadoop/share/hadoop/common/lib/commons-math3-3.1.1.jar:/opt/bd/hadoop/share/hadoop/common/lib/commons-io-2.8.0.jar:/opt/bd/hadoop/share/hadoop/common/lib/jaxb-api-2.2.11.jar:/opt/bd/hadoop/share/hadoop/common/lib/commons-net-3.9.0.jar:/opt/bd/hadoop/share/hadoop/common/lib/netty-transport-native-unix-common-4.1.89.Final.jar:/opt/bd/hadoop/share/hadoop/common/lib/commons-compress-1.21.jar:/opt/bd/hadoop/share/hadoop/common/lib/jetty-servlet-9.4.51.v20230217.jar:/opt/bd/hadoop/share/hadoop/common/lib/jetty-xml-9.4.51.v20230217.jar:/opt/bd/hadoop/share/hadoop/common/lib/jersey-json-1.20.jar:/opt/bd/hadoop/share/hadoop/common/lib/netty-handler-ssl-ocsp-4.1.89.Final.jar:/opt/bd/hadoop/share/hadoop/common/lib/kerb-util-1.0.1.jar:/opt/bd/hadoop/share/hadoop/common/lib/kerby-util-1.0.1.jar:/opt/bd/hadoop/share/hadoop/common/lib/kerb-simplekdc-1.0.1.jar:/opt/bd/hadoop/share/hadoop/common/lib/jackson-annotations-2.12.7.jar:/opt/bd/hadoop/share/hadoop/common/lib/jul-to-slf4j-1.7.36.jar:/opt/bd/hadoop/share/hadoop/common/lib/hadoop-auth-3.3.6.jar:/opt/bd/hadoop/share/hadoop/common/lib/commons-daemon-1.0.13.jar:/opt/bd/hadoop/share/hadoop/common/lib/commons-cli-1.2.jar:/opt/bd/hadoop/share/hadoop/common/lib/reload4j-1.2.22.jar:/opt/bd/hadoop/share/hadoop/common/lib/failureaccess-1.0.jar:/opt/bd/hadoop/share/hadoop/common/lib/netty-codec-xml-4.1.89.Final.jar:/opt/bd/hadoop/share/hadoop/common/lib/jettison-1.5.4.jar:/opt/bd/hadoop/share/hadoop/common/lib/netty-transport-4.1.89.Final.jar:/opt/bd/hadoop/share/hadoop/common/lib/netty-codec-haproxy-4.1.89.Final.jar:/opt/bd/hadoop/share/hadoop/common/lib/commons-codec-1.15.jar:/opt/bd/hadoop/share/hadoop/common/lib/netty-codec-stomp-4.1.89.Final.jar:/opt/bd/hadoop/share/hadoop/common/lib/protobuf-java-2.5.0.jar:/opt/bd/hadoop/share/hadoop/common/lib/netty-resolver-dns-4.1.89.Final.jar:/opt/bd/hadoop/share/hadoop/common/lib/netty-codec-4.1.89.Final.jar:/opt/bd/hadoop/share/hadoop/common/lib/netty-codec-http2-4.1.89.Final.jar:/opt/bd/hadoop/share/hadoop/common/lib/commons-logging-1.1.3.jar:/opt/bd/hadoop/share/hadoop/common/lib/netty-resolver-dns-classes-macos-4.1.89.Final.jar:/opt/bd/hadoop/share/hadoop/common/lib/netty-resolver-dns-native-macos-4.1.89.Final-osx-aarch_64.jar:/opt/bd/hadoop/share/hadoop/common/hadoop-registry-3.3.6.jar:/opt/bd/hadoop/share/hadoop/common/hadoop-common-3.3.6-tests.jar:/opt/bd/hadoop/share/hadoop/common/hadoop-common-3.3.6.jar:/opt/bd/hadoop/share/hadoop/common/hadoop-nfs-3.3.6.jar:/opt/bd/hadoop/share/hadoop/common/hadoop-kms-3.3.6.jar:/opt/bd/hadoop/share/hadoop/hdfs:/opt/bd/hadoop/share/hadoop/hdfs/lib/curator-framework-5.2.0.jar:/opt/bd/hadoop/share/hadoop/hdfs/lib/kerb-common-1.0.1.jar:/opt/bd/hadoop/share/hadoop/hdfs/lib/jetty-webapp-9.4.51.v20230217.jar:/opt/bd/hadoop/share/hadoop/hdfs/lib/listenablefuture-9999.0-empty-to-avoid-conflict-with-guava.jar:/opt/bd/hadoop/share/hadoop/hdfs/lib/kerby-pkix-1.0.1.jar:/opt/bd/hadoop/share/hadoop/hdfs/lib/httpclient-4.5.13.jar:/opt/bd/hadoop/share/hadoop/hdfs/lib/netty-transport-native-epoll-4.1.89.Final-linux-x86_64.jar:/opt/bd/hadoop/share/hadoop/hdfs/lib/animal-sniffer-annotations-1.17.jar:/opt/bd/hadoop/share/hadoop/hdfs/lib/zookeeper-jute-3.6.3.jar:/opt/bd/hadoop/share/hadoop/hdfs/lib/netty-transport-native-epoll-4.1.89.Final-linux-aarch_64.jar:/opt/bd/hadoop/share/hadoop/hdfs/lib/netty-transport-classes-epoll-4.1.89.Final.jar:/opt/bd/hadoop/share/hadoop/hdfs/lib/HikariCP-java7-2.4.12.jar:/opt/bd/hadoop/share/hadoop/hdfs/lib/kerb-client-1.0.1.jar:/opt/bd/hadoop/share/hadoop/hdfs/lib/netty-transport-sctp-4.1.89.Final.jar:/opt/bd/hadoop/share/hadoop/hdfs/lib/jsr311-api-1.1.1.jar:/opt/bd/hadoop/share/hadoop/hdfs/lib/netty-codec-mqtt-4.1.89.Final.jar:/opt/bd/hadoop/share/hadoop/hdfs/lib/netty-buffer-4.1.89.Final.jar:/opt/bd/hadoop/share/hadoop/hdfs/lib/checker-qual-2.5.2.jar:/opt/bd/hadoop/share/hadoop/hdfs/lib/jetty-http-9.4.51.v20230217.jar:/opt/bd/hadoop/share/hadoop/hdfs/lib/jakarta.activation-api-1.2.1.jar:/opt/bd/hadoop/share/hadoop/hdfs/lib/jackson-core-asl-1.9.13.jar:/opt/bd/hadoop/share/hadoop/hdfs/lib/kotlin-stdlib-common-1.4.10.jar:/opt/bd/hadoop/share/hadoop/hdfs/lib/netty-transport-native-kqueue-4.1.89.Final-osx-aarch_64.jar:/opt/bd/hadoop/share/hadoop/hdfs/lib/jersey-server-1.19.4.jar:/opt/bd/hadoop/share/hadoop/hdfs/lib/netty-codec-socks-4.1.89.Final.jar:/opt/bd/hadoop/share/hadoop/hdfs/lib/kerb-server-1.0.1.jar:/opt/bd/hadoop/share/hadoop/hdfs/lib/kerb-crypto-1.0.1.jar:/opt/bd/hadoop/share/hadoop/hdfs/lib/jaxb-impl-2.2.3-1.jar:/opt/bd/hadoop/share/hadoop/hdfs/lib/netty-codec-memcache-4.1.89.Final.jar:/opt/bd/hadoop/share/hadoop/hdfs/lib/token-provider-1.0.1.jar:/opt/bd/hadoop/share/hadoop/hdfs/lib/hadoop-shaded-protobuf_3_7-1.1.1.jar:/opt/bd/hadoop/share/hadoop/hdfs/lib/zookeeper-3.6.3.jar:/opt/bd/hadoop/share/hadoop/hdfs/lib/jackson-core-2.12.7.jar:/opt/bd/hadoop/share/hadoop/hdfs/lib/j2objc-annotations-1.1.jar:/opt/bd/hadoop/share/hadoop/hdfs/lib/commons-lang3-3.12.0.jar:/opt/bd/hadoop/share/hadoop/hdfs/lib/nimbus-jose-jwt-9.8.1.jar:/opt/bd/hadoop/share/hadoop/hdfs/lib/kerb-admin-1.0.1.jar:/opt/bd/hadoop/share/hadoop/hdfs/lib/netty-all-4.1.89.Final.jar:/opt/bd/hadoop/share/hadoop/hdfs/lib/netty-handler-4.1.89.Final.jar:/opt/bd/hadoop/share/hadoop/hdfs/lib/okhttp-4.9.3.jar:/opt/bd/hadoop/share/hadoop/hdfs/lib/commons-beanutils-1.9.4.jar:/opt/bd/hadoop/share/hadoop/hdfs/lib/commons-text-1.10.0.jar:/opt/bd/hadoop/share/hadoop/hdfs/lib/okio-2.8.0.jar:/opt/bd/hadoop/share/hadoop/hdfs/lib/re2j-1.1.jar:/opt/bd/hadoop/share/hadoop/hdfs/lib/snappy-java-1.1.8.2.jar:/opt/bd/hadoop/share/hadoop/hdfs/lib/jackson-databind-2.12.7.1.jar:/opt/bd/hadoop/share/hadoop/hdfs/lib/javax.servlet-api-3.1.0.jar:/opt/bd/hadoop/share/hadoop/hdfs/lib/netty-handler-proxy-4.1.89.Final.jar:/opt/bd/hadoop/share/hadoop/hdfs/lib/metrics-core-3.2.4.jar:/opt/bd/hadoop/share/hadoop/hdfs/lib/httpcore-4.4.13.jar:/opt/bd/hadoop/share/hadoop/hdfs/lib/kerby-config-1.0.1.jar:/opt/bd/hadoop/share/hadoop/hdfs/lib/kerby-xdr-1.0.1.jar:/opt/bd/hadoop/share/hadoop/hdfs/lib/json-simple-1.1.1.jar:/opt/bd/hadoop/share/hadoop/hdfs/lib/dnsjava-2.1.7.jar:/opt/bd/hadoop/share/hadoop/hdfs/lib/curator-client-5.2.0.jar:/opt/bd/hadoop/share/hadoop/hdfs/lib/hadoop-annotations-3.3.6.jar:/opt/bd/hadoop/share/hadoop/hdfs/lib/netty-transport-rxtx-4.1.89.Final.jar:/opt/bd/hadoop/share/hadoop/hdfs/lib/netty-codec-dns-4.1.89.Final.jar:/opt/bd/hadoop/share/hadoop/hdfs/lib/netty-transport-classes-kqueue-4.1.89.Final.jar:/opt/bd/hadoop/share/hadoop/hdfs/lib/netty-resolver-dns-native-macos-4.1.89.Final-osx-x86_64.jar:/opt/bd/hadoop/share/hadoop/hdfs/lib/commons-collections-3.2.2.jar:/opt/bd/hadoop/share/hadoop/hdfs/lib/woodstox-core-5.4.0.jar:/opt/bd/hadoop/share/hadoop/hdfs/lib/avro-1.7.7.jar:/opt/bd/hadoop/share/hadoop/hdfs/lib/jersey-servlet-1.19.4.jar:/opt/bd/hadoop/share/hadoop/hdfs/lib/netty-3.10.6.Final.jar:/opt/bd/hadoop/share/hadoop/hdfs/lib/jcip-annotations-1.0-1.jar:/opt/bd/hadoop/share/hadoop/hdfs/lib/netty-common-4.1.89.Final.jar:/opt/bd/hadoop/share/hadoop/hdfs/lib/guava-27.0-jre.jar:/opt/bd/hadoop/share/hadoop/hdfs/lib/kerb-identity-1.0.1.jar:/opt/bd/hadoop/share/hadoop/hdfs/lib/netty-transport-native-kqueue-4.1.89.Final-osx-x86_64.jar:/opt/bd/hadoop/share/hadoop/hdfs/lib/jetty-server-9.4.51.v20230217.jar:/opt/bd/hadoop/share/hadoop/hdfs/lib/kerb-core-1.0.1.jar:/opt/bd/hadoop/share/hadoop/hdfs/lib/netty-codec-smtp-4.1.89.Final.jar:/opt/bd/hadoop/share/hadoop/hdfs/lib/jersey-core-1.19.4.jar:/opt/bd/hadoop/share/hadoop/hdfs/lib/jetty-security-9.4.51.v20230217.jar:/opt/bd/hadoop/share/hadoop/hdfs/lib/jetty-io-9.4.51.v20230217.jar:/opt/bd/hadoop/share/hadoop/hdfs/lib/curator-recipes-5.2.0.jar:/opt/bd/hadoop/share/hadoop/hdfs/lib/audience-annotations-0.5.0.jar:/opt/bd/hadoop/share/hadoop/hdfs/lib/gson-2.9.0.jar:/opt/bd/hadoop/share/hadoop/hdfs/lib/jetty-util-ajax-9.4.51.v20230217.jar:/opt/bd/hadoop/share/hadoop/hdfs/lib/jsr305-3.0.2.jar:/opt/bd/hadoop/share/hadoop/hdfs/lib/netty-codec-redis-4.1.89.Final.jar:/opt/bd/hadoop/share/hadoop/hdfs/lib/netty-resolver-4.1.89.Final.jar:/opt/bd/hadoop/share/hadoop/hdfs/lib/hadoop-shaded-guava-1.1.1.jar:/opt/bd/hadoop/share/hadoop/hdfs/lib/netty-transport-udt-4.1.89.Final.jar:/opt/bd/hadoop/share/hadoop/hdfs/lib/jsch-0.1.55.jar:/opt/bd/hadoop/share/hadoop/hdfs/lib/netty-codec-http-4.1.89.Final.jar:/opt/bd/hadoop/share/hadoop/hdfs/lib/commons-configuration2-2.8.0.jar:/opt/bd/hadoop/share/hadoop/hdfs/lib/stax2-api-4.2.1.jar:/opt/bd/hadoop/share/hadoop/hdfs/lib/jetty-util-9.4.51.v20230217.jar:/opt/bd/hadoop/share/hadoop/hdfs/lib/jackson-mapper-asl-1.9.13.jar:/opt/bd/hadoop/share/hadoop/hdfs/lib/paranamer-2.3.jar:/opt/bd/hadoop/share/hadoop/hdfs/lib/kerby-asn1-1.0.1.jar:/opt/bd/hadoop/share/hadoop/hdfs/lib/commons-math3-3.1.1.jar:/opt/bd/hadoop/share/hadoop/hdfs/lib/commons-io-2.8.0.jar:/opt/bd/hadoop/share/hadoop/hdfs/lib/jaxb-api-2.2.11.jar:/opt/bd/hadoop/share/hadoop/hdfs/lib/commons-net-3.9.0.jar:/opt/bd/hadoop/share/hadoop/hdfs/lib/netty-transport-native-unix-common-4.1.89.Final.jar:/opt/bd/hadoop/share/hadoop/hdfs/lib/commons-compress-1.21.jar:/opt/bd/hadoop/share/hadoop/hdfs/lib/jetty-servlet-9.4.51.v20230217.jar:/opt/bd/hadoop/share/hadoop/hdfs/lib/jetty-xml-9.4.51.v20230217.jar:/opt/bd/hadoop/share/hadoop/hdfs/lib/jersey-json-1.20.jar:/opt/bd/hadoop/share/hadoop/hdfs/lib/leveldbjni-all-1.8.jar:/opt/bd/hadoop/share/hadoop/hdfs/lib/netty-handler-ssl-ocsp-4.1.89.Final.jar:/opt/bd/hadoop/share/hadoop/hdfs/lib/kerb-util-1.0.1.jar:/opt/bd/hadoop/share/hadoop/hdfs/lib/kerby-util-1.0.1.jar:/opt/bd/hadoop/share/hadoop/hdfs/lib/kerb-simplekdc-1.0.1.jar:/opt/bd/hadoop/share/hadoop/hdfs/lib/jackson-annotations-2.12.7.jar:/opt/bd/hadoop/share/hadoop/hdfs/lib/hadoop-auth-3.3.6.jar:/opt/bd/hadoop/share/hadoop/hdfs/lib/commons-daemon-1.0.13.jar:/opt/bd/hadoop/share/hadoop/hdfs/lib/commons-cli-1.2.jar:/opt/bd/hadoop/share/hadoop/hdfs/lib/reload4j-1.2.22.jar:/opt/bd/hadoop/share/hadoop/hdfs/lib/failureaccess-1.0.jar:/opt/bd/hadoop/share/hadoop/hdfs/lib/netty-codec-xml-4.1.89.Final.jar:/opt/bd/hadoop/share/hadoop/hdfs/lib/kotlin-stdlib-1.4.10.jar:/opt/bd/hadoop/share/hadoop/hdfs/lib/jettison-1.5.4.jar:/opt/bd/hadoop/share/hadoop/hdfs/lib/netty-transport-4.1.89.Final.jar:/opt/bd/hadoop/share/hadoop/hdfs/lib/netty-codec-haproxy-4.1.89.Final.jar:/opt/bd/hadoop/share/hadoop/hdfs/lib/commons-codec-1.15.jar:/opt/bd/hadoop/share/hadoop/hdfs/lib/netty-codec-stomp-4.1.89.Final.jar:/opt/bd/hadoop/share/hadoop/hdfs/lib/protobuf-java-2.5.0.jar:/opt/bd/hadoop/share/hadoop/hdfs/lib/netty-resolver-dns-4.1.89.Final.jar:/opt/bd/hadoop/share/hadoop/hdfs/lib/netty-codec-4.1.89.Final.jar:/opt/bd/hadoop/share/hadoop/hdfs/lib/netty-codec-http2-4.1.89.Final.jar:/opt/bd/hadoop/share/hadoop/hdfs/lib/commons-logging-1.1.3.jar:/opt/bd/hadoop/share/hadoop/hdfs/lib/netty-resolver-dns-classes-macos-4.1.89.Final.jar:/opt/bd/hadoop/share/hadoop/hdfs/lib/netty-resolver-dns-native-macos-4.1.89.Final-osx-aarch_64.jar:/opt/bd/hadoop/share/hadoop/hdfs/hadoop-hdfs-rbf-3.3.6.jar:/opt/bd/hadoop/share/hadoop/hdfs/hadoop-hdfs-nfs-3.3.6.jar:/opt/bd/hadoop/share/hadoop/hdfs/hadoop-hdfs-rbf-3.3.6-tests.jar:/opt/bd/hadoop/share/hadoop/hdfs/hadoop-hdfs-client-3.3.6-tests.jar:/opt/bd/hadoop/share/hadoop/hdfs/hadoop-hdfs-httpfs-3.3.6.jar:/opt/bd/hadoop/share/hadoop/hdfs/hadoop-hdfs-client-3.3.6.jar:/opt/bd/hadoop/share/hadoop/hdfs/hadoop-hdfs-native-client-3.3.6-tests.jar:/opt/bd/hadoop/share/hadoop/hdfs/hadoop-hdfs-3.3.6-tests.jar:/opt/bd/hadoop/share/hadoop/hdfs/hadoop-hdfs-3.3.6.jar:/opt/bd/hadoop/share/hadoop/hdfs/hadoop-hdfs-native-client-3.3.6.jar:/opt/bd/hadoop/share/hadoop/mapreduce/hadoop-mapreduce-client-shuffle-3.3.6.jar:/opt/bd/hadoop/share/hadoop/mapreduce/hadoop-mapreduce-client-jobclient-3.3.6.jar:/opt/bd/hadoop/share/hadoop/mapreduce/hadoop-mapreduce-client-hs-plugins-3.3.6.jar:/opt/bd/hadoop/share/hadoop/mapreduce/hadoop-mapreduce-client-hs-3.3.6.jar:/opt/bd/hadoop/share/hadoop/mapreduce/hadoop-mapreduce-client-jobclient-3.3.6-tests.jar:/opt/bd/hadoop/share/hadoop/mapreduce/hadoop-mapreduce-client-app-3.3.6.jar:/opt/bd/hadoop/share/hadoop/mapreduce/hadoop-mapreduce-client-common-3.3.6.jar:/opt/bd/hadoop/share/hadoop/mapreduce/hadoop-mapreduce-client-nativetask-3.3.6.jar:/opt/bd/hadoop/share/hadoop/mapreduce/hadoop-mapreduce-client-uploader-3.3.6.jar:/opt/bd/hadoop/share/hadoop/mapreduce/hadoop-mapreduce-client-core-3.3.6.jar:/opt/bd/hadoop/share/hadoop/mapreduce/hadoop-mapreduce-examples-3.3.6.jar:/opt/bd/hadoop/share/hadoop/yarn:/opt/bd/hadoop/share/hadoop/yarn/lib/jetty-plus-9.4.51.v20230217.jar:/opt/bd/hadoop/share/hadoop/yarn/lib/websocket-common-9.4.51.v20230217.jar:/opt/bd/hadoop/share/hadoop/yarn/lib/snakeyaml-2.0.jar:/opt/bd/hadoop/share/hadoop/yarn/lib/websocket-client-9.4.51.v20230217.jar:/opt/bd/hadoop/share/hadoop/yarn/lib/jackson-jaxrs-json-provider-2.12.7.jar:/opt/bd/hadoop/share/hadoop/yarn/lib/guice-4.0.jar:/opt/bd/hadoop/share/hadoop/yarn/lib/bcprov-jdk15on-1.68.jar:/opt/bd/hadoop/share/hadoop/yarn/lib/json-io-2.5.1.jar:/opt/bd/hadoop/share/hadoop/yarn/lib/jackson-jaxrs-base-2.12.7.jar:/opt/bd/hadoop/share/hadoop/yarn/lib/javax-websocket-server-impl-9.4.51.v20230217.jar:/opt/bd/hadoop/share/hadoop/yarn/lib/asm-tree-9.4.jar:/opt/bd/hadoop/share/hadoop/yarn/lib/jline-3.9.0.jar:/opt/bd/hadoop/share/hadoop/yarn/lib/javax.websocket-api-1.0.jar:/opt/bd/hadoop/share/hadoop/yarn/lib/jna-5.2.0.jar:/opt/bd/hadoop/share/hadoop/yarn/lib/javax-websocket-client-impl-9.4.51.v20230217.jar:/opt/bd/hadoop/share/hadoop/yarn/lib/jetty-jndi-9.4.51.v20230217.jar:/opt/bd/hadoop/share/hadoop/yarn/lib/jetty-client-9.4.51.v20230217.jar:/opt/bd/hadoop/share/hadoop/yarn/lib/geronimo-jcache_1.0_spec-1.0-alpha-1.jar:/opt/bd/hadoop/share/hadoop/yarn/lib/swagger-annotations-1.5.4.jar:/opt/bd/hadoop/share/hadoop/yarn/lib/ehcache-3.3.1.jar:/opt/bd/hadoop/share/hadoop/yarn/lib/java-util-1.9.0.jar:/opt/bd/hadoop/share/hadoop/yarn/lib/jakarta.xml.bind-api-2.3.2.jar:/opt/bd/hadoop/share/hadoop/yarn/lib/websocket-api-9.4.51.v20230217.jar:/opt/bd/hadoop/share/hadoop/yarn/lib/fst-2.50.jar:/opt/bd/hadoop/share/hadoop/yarn/lib/mssql-jdbc-6.2.1.jre7.jar:/opt/bd/hadoop/share/hadoop/yarn/lib/jersey-guice-1.19.4.jar:/opt/bd/hadoop/share/hadoop/yarn/lib/javax.websocket-client-api-1.0.jar:/opt/bd/hadoop/share/hadoop/yarn/lib/guice-servlet-4.0.jar:/opt/bd/hadoop/share/hadoop/yarn/lib/jersey-client-1.19.4.jar:/opt/bd/hadoop/share/hadoop/yarn/lib/javax.inject-1.jar:/opt/bd/hadoop/share/hadoop/yarn/lib/aopalliance-1.0.jar:/opt/bd/hadoop/share/hadoop/yarn/lib/jackson-module-jaxb-annotations-2.12.7.jar:/opt/bd/hadoop/share/hadoop/yarn/lib/asm-commons-9.4.jar:/opt/bd/hadoop/share/hadoop/yarn/lib/bcpkix-jdk15on-1.68.jar:/opt/bd/hadoop/share/hadoop/yarn/lib/websocket-servlet-9.4.51.v20230217.jar:/opt/bd/hadoop/share/hadoop/yarn/lib/websocket-server-9.4.51.v20230217.jar:/opt/bd/hadoop/share/hadoop/yarn/lib/jetty-annotations-9.4.51.v20230217.jar:/opt/bd/hadoop/share/hadoop/yarn/lib/objenesis-2.6.jar:/opt/bd/hadoop/share/hadoop/yarn/hadoop-yarn-api-3.3.6.jar:/opt/bd/hadoop/share/hadoop/yarn/hadoop-yarn-services-api-3.3.6.jar:/opt/bd/hadoop/share/hadoop/yarn/hadoop-yarn-client-3.3.6.jar:/opt/bd/hadoop/share/hadoop/yarn/hadoop-yarn-server-resourcemanager-3.3.6.jar:/opt/bd/hadoop/share/hadoop/yarn/hadoop-yarn-services-core-3.3.6.jar:/opt/bd/hadoop/share/hadoop/yarn/hadoop-yarn-server-applicationhistoryservice-3.3.6.jar:/opt/bd/hadoop/share/hadoop/yarn/hadoop-yarn-server-common-3.3.6.jar:/opt/bd/hadoop/share/hadoop/yarn/hadoop-yarn-applications-unmanaged-am-launcher-3.3.6.jar:/opt/bd/hadoop/share/hadoop/yarn/hadoop-yarn-applications-distributedshell-3.3.6.jar:/opt/bd/hadoop/share/hadoop/yarn/hadoop-yarn-applications-mawo-core-3.3.6.jar:/opt/bd/hadoop/share/hadoop/yarn/hadoop-yarn-registry-3.3.6.jar:/opt/bd/hadoop/share/hadoop/yarn/hadoop-yarn-server-web-proxy-3.3.6.jar:/opt/bd/hadoop/share/hadoop/yarn/hadoop-yarn-server-tests-3.3.6.jar:/opt/bd/hadoop/share/hadoop/yarn/hadoop-yarn-common-3.3.6.jar:/opt/bd/hadoop/share/hadoop/yarn/hadoop-yarn-server-nodemanager-3.3.6.jar:/opt/bd/hadoop/share/hadoop/yarn/hadoop-yarn-server-sharedcachemanager-3.3.6.jar:/opt/bd/hadoop/share/hadoop/yarn/hadoop-yarn-server-timeline-pluginstorage-3.3.6.jar:/opt/bd/hadoop/share/hadoop/yarn/hadoop-yarn-server-router-3.3.6.jar
STARTUP_MSG:   build = https://github.com/apache/hadoop.git -r 1be78238728da9266a4f88195058f08fd012bf9c; compiled by 'ubuntu' on 2023-06-18T08:22Z
STARTUP_MSG:   java = 1.8.0_382
************************************************************/
2023-10-08 13:14:55,840 INFO namenode.NameNode: registered UNIX signal handlers for [TERM, HUP, INT]
2023-10-08 13:14:55,935 INFO namenode.NameNode: createNameNode [-backup]
2023-10-08 13:14:56,057 INFO impl.MetricsConfig: Loaded properties from hadoop-metrics2.properties
2023-10-08 13:14:56,151 INFO impl.MetricsSystemImpl: Scheduled Metric snapshot period at 10 second(s).
2023-10-08 13:14:56,151 INFO impl.MetricsSystemImpl: BackupNode metrics system started
2023-10-08 13:14:56,246 INFO namenode.NameNodeUtils: fs.defaultFS is hdfs://namenode:9000/
2023-10-08 13:14:56,246 INFO namenode.NameNode: Clients should use namenode:9000 to access this namenode/service.
2023-10-08 13:14:56,566 INFO util.JvmPauseMonitor: Starting JVM pause monitor
2023-10-08 13:14:56,872 INFO namenode.FSEditLog: Edit logging is async:false
2023-10-08 13:14:56,887 INFO namenode.FSNamesystem: KeyProvider: null
2023-10-08 13:14:56,888 INFO namenode.FSNamesystem: fsLock is fair: true
2023-10-08 13:14:56,888 INFO namenode.FSNamesystem: Detailed lock hold time metrics enabled: false
2023-10-08 13:14:56,888 INFO namenode.FSNamesystem: fsOwner                = hdadmin (auth:SIMPLE)
2023-10-08 13:14:56,888 INFO namenode.FSNamesystem: supergroup             = supergroup
2023-10-08 13:14:56,888 INFO namenode.FSNamesystem: isPermissionEnabled    = true
2023-10-08 13:14:56,888 INFO namenode.FSNamesystem: isStoragePolicyEnabled = true
2023-10-08 13:14:56,888 INFO namenode.FSNamesystem: HA Enabled: false
2023-10-08 13:14:56,943 INFO common.Util: dfs.datanode.fileio.profiling.sampling.percentage set to 0. Disabling file IO profiling
2023-10-08 13:14:57,045 INFO blockmanagement.DatanodeManager: dfs.block.invalidate.limit : configured=1000, counted=60, effected=1000
2023-10-08 13:14:57,045 INFO blockmanagement.DatanodeManager: dfs.namenode.datanode.registration.ip-hostname-check=true
2023-10-08 13:14:57,047 INFO blockmanagement.BlockManager: dfs.namenode.startup.delay.block.deletion.sec is set to 000:00:00:00.000
2023-10-08 13:14:57,047 INFO blockmanagement.BlockManager: The block deletion will start around 2023 oct 08 13:14:57
2023-10-08 13:14:57,048 INFO util.GSet: Computing capacity for map BlocksMap
2023-10-08 13:14:57,048 INFO util.GSet: VM type       = 64-bit
2023-10-08 13:14:57,049 INFO util.GSet: 2.0% max memory 742.4 MB = 14.8 MB
2023-10-08 13:14:57,049 INFO util.GSet: capacity      = 2^21 = 2097152 entries
2023-10-08 13:14:57,055 INFO blockmanagement.BlockManager: Storage policy satisfier is disabled
2023-10-08 13:14:57,055 INFO blockmanagement.BlockManager: dfs.block.access.token.enable = false
2023-10-08 13:14:57,058 WARN blockmanagement.BlockManagerSafeMode: The threshold value shouldn't be greater than 1, threshold: 1.5
2023-10-08 13:14:57,058 INFO blockmanagement.BlockManagerSafeMode: dfs.namenode.safemode.threshold-pct = 1.5
2023-10-08 13:14:57,058 INFO blockmanagement.BlockManagerSafeMode: dfs.namenode.safemode.min.datanodes = 0
2023-10-08 13:14:57,058 INFO blockmanagement.BlockManagerSafeMode: dfs.namenode.safemode.extension = 2147483647
2023-10-08 13:14:57,059 INFO blockmanagement.BlockManager: defaultReplication         = 3
2023-10-08 13:14:57,059 INFO blockmanagement.BlockManager: maxReplication             = 512
2023-10-08 13:14:57,059 INFO blockmanagement.BlockManager: minReplication             = 1
2023-10-08 13:14:57,059 INFO blockmanagement.BlockManager: maxReplicationStreams      = 2
2023-10-08 13:14:57,059 INFO blockmanagement.BlockManager: redundancyRecheckInterval  = 3000ms
2023-10-08 13:14:57,059 INFO blockmanagement.BlockManager: encryptDataTransfer        = false
2023-10-08 13:14:57,059 INFO blockmanagement.BlockManager: maxNumBlocksToLog          = 1000
2023-10-08 13:14:57,131 INFO namenode.FSDirectory: GLOBAL serial map: bits=29 maxEntries=536870911
2023-10-08 13:14:57,131 INFO namenode.FSDirectory: USER serial map: bits=24 maxEntries=16777215
2023-10-08 13:14:57,131 INFO namenode.FSDirectory: GROUP serial map: bits=24 maxEntries=16777215
2023-10-08 13:14:57,131 INFO namenode.FSDirectory: XATTR serial map: bits=24 maxEntries=16777215
2023-10-08 13:14:57,138 INFO util.GSet: Computing capacity for map INodeMap
2023-10-08 13:14:57,138 INFO util.GSet: VM type       = 64-bit
2023-10-08 13:14:57,138 INFO util.GSet: 1.0% max memory 742.4 MB = 7.4 MB
2023-10-08 13:14:57,138 INFO util.GSet: capacity      = 2^20 = 1048576 entries
2023-10-08 13:14:57,140 INFO namenode.FSDirectory: ACLs enabled? true
2023-10-08 13:14:57,140 INFO namenode.FSDirectory: POSIX ACL inheritance enabled? true
2023-10-08 13:14:57,140 INFO namenode.FSDirectory: XAttrs enabled? true
2023-10-08 13:14:57,140 INFO namenode.NameNode: Caching file names occurring more than 10 times
2023-10-08 13:14:57,144 INFO snapshot.SnapshotManager: Loaded config captureOpenFiles: false, skipCaptureAccessTimeOnlyChange: false, snapshotDiffAllowSnapRootDescendant: true, maxSnapshotLimit: 65536
2023-10-08 13:14:57,145 INFO snapshot.SnapshotManager: SkipList is disabled
2023-10-08 13:14:57,148 INFO util.GSet: Computing capacity for map cachedBlocks
2023-10-08 13:14:57,148 INFO util.GSet: VM type       = 64-bit
2023-10-08 13:14:57,148 INFO util.GSet: 0.25% max memory 742.4 MB = 1.9 MB
2023-10-08 13:14:57,148 INFO util.GSet: capacity      = 2^18 = 262144 entries
2023-10-08 13:14:57,152 INFO metrics.TopMetrics: NNTop conf: dfs.namenode.top.window.num.buckets = 10
2023-10-08 13:14:57,152 INFO metrics.TopMetrics: NNTop conf: dfs.namenode.top.num.users = 10
2023-10-08 13:14:57,152 INFO metrics.TopMetrics: NNTop conf: dfs.namenode.top.windows.minutes = 1,5,25
2023-10-08 13:14:57,155 INFO namenode.FSNamesystem: Retry cache on namenode is enabled
2023-10-08 13:14:57,155 INFO namenode.FSNamesystem: Retry cache will use 0.03 of total heap and retry cache entry expiry time is 600000 millis
2023-10-08 13:14:57,156 INFO util.GSet: Computing capacity for map NameNodeRetryCache
2023-10-08 13:14:57,156 INFO util.GSet: VM type       = 64-bit
2023-10-08 13:14:57,156 INFO util.GSet: 0.029999999329447746% max memory 742.4 MB = 228.1 KB
2023-10-08 13:14:57,156 INFO util.GSet: capacity      = 2^15 = 32768 entries
2023-10-08 13:14:57,174 INFO common.Storage: Lock on /var/data/hadoop/hdfs/backup/dfs/name/in_use.lock acquired by nodename 23@backupnode
2023-10-08 13:14:57,176 INFO namenode.FSImage: Storage directory /var/data/hadoop/hdfs/backup/dfs/name is not formatted.
2023-10-08 13:14:57,176 INFO namenode.FSImage: Formatting ...
2023-10-08 13:14:57,353 INFO namenode.NameNode: RPC server is binding to backupnode:50100
2023-10-08 13:14:57,353 INFO namenode.NameNode: Enable NameNode state context:false
2023-10-08 13:14:57,355 INFO ipc.CallQueueManager: Using callQueue: class java.util.concurrent.LinkedBlockingQueue, queueCapacity: 1000, scheduler: class org.apache.hadoop.ipc.DefaultRpcScheduler, ipcBackoff: false.
2023-10-08 13:14:57,361 INFO ipc.Server: Listener at backupnode:50100
2023-10-08 13:14:57,362 INFO ipc.Server: Starting Socket Reader #1 for port 50100
2023-10-08 13:14:57,428 INFO namenode.FSNamesystem: Registered FSNamesystemState, ReplicatedBlocksState and ECBlockGroupsState MBeans.
2023-10-08 13:14:57,436 INFO namenode.LeaseManager: Number of blocks under construction: 0
2023-10-08 13:14:57,441 INFO blockmanagement.DatanodeAdminDefaultMonitor: Initialized the Default Decommission and Maintenance monitor
2023-10-08 13:14:57,442 INFO blockmanagement.BlockManager: Start MarkedDeleteBlockScrubber thread
2023-10-08 13:14:57,443 INFO hdfs.StateChange: STATE* Leaving safe mode after 0 secs
2023-10-08 13:14:57,443 INFO hdfs.StateChange: STATE* Network topology has 0 racks and 0 datanodes
2023-10-08 13:14:57,443 INFO hdfs.StateChange: STATE* UnderReplicatedBlocks has 0 blocks
2023-10-08 13:14:57,471 INFO hdfs.DFSUtil: Filter initializers set : org.apache.hadoop.http.lib.StaticUserWebFilter,org.apache.hadoop.hdfs.web.AuthFilterInitializer
2023-10-08 13:14:57,474 INFO hdfs.DFSUtil: Starting Web-server for hdfs at: http://backupnode:50100
2023-10-08 13:14:57,481 INFO util.log: Logging initialized @2171ms to org.eclipse.jetty.util.log.Slf4jLog
2023-10-08 13:14:57,573 WARN server.AuthenticationFilter: Unable to initialize FileSignerSecretProvider, falling back to use random secrets. Reason: Could not read signature secret file: /opt/bd/hadoop-http-auth-signature-secret
2023-10-08 13:14:57,575 INFO http.HttpRequestLog: Http request log for http.requests.namenode is not defined
2023-10-08 13:14:57,628 INFO http.HttpServer2: Added global filter 'safety' (class=org.apache.hadoop.http.HttpServer2$QuotingInputFilter)
2023-10-08 13:14:57,630 INFO http.HttpServer2: Added filter static_user_filter (class=org.apache.hadoop.http.lib.StaticUserWebFilter$StaticUserFilter) to context hdfs
2023-10-08 13:14:57,630 INFO http.HttpServer2: Added filter static_user_filter (class=org.apache.hadoop.http.lib.StaticUserWebFilter$StaticUserFilter) to context static
2023-10-08 13:14:57,630 INFO http.HttpServer2: Added filter static_user_filter (class=org.apache.hadoop.http.lib.StaticUserWebFilter$StaticUserFilter) to context logs
2023-10-08 13:14:57,632 INFO http.HttpServer2: Added filter AuthFilter (class=org.apache.hadoop.hdfs.web.AuthFilter) to context hdfs
2023-10-08 13:14:57,632 INFO http.HttpServer2: Added filter AuthFilter (class=org.apache.hadoop.hdfs.web.AuthFilter) to context static
2023-10-08 13:14:57,632 INFO http.HttpServer2: Added filter AuthFilter (class=org.apache.hadoop.hdfs.web.AuthFilter) to context logs
2023-10-08 13:14:57,652 INFO http.HttpServer2: addJerseyResourcePackage: packageName=org.apache.hadoop.hdfs.server.namenode.web.resources;org.apache.hadoop.hdfs.web.resources, pathSpec=/webhdfs/v1/*
2023-10-08 13:14:57,660 INFO http.HttpServer2: HttpServer.start() threw a non Bind IOException
java.net.BindException: Port in use: backupnode:50100
	at org.apache.hadoop.http.HttpServer2.constructBindException(HttpServer2.java:1369)
	at org.apache.hadoop.http.HttpServer2.bindForSinglePort(HttpServer2.java:1391)
	at org.apache.hadoop.http.HttpServer2.openListeners(HttpServer2.java:1454)
	at org.apache.hadoop.http.HttpServer2.start(HttpServer2.java:1300)
	at org.apache.hadoop.hdfs.server.namenode.NameNodeHttpServer.start(NameNodeHttpServer.java:170)
	at org.apache.hadoop.hdfs.server.namenode.NameNode.startHttpServer(NameNode.java:967)
	at org.apache.hadoop.hdfs.server.namenode.NameNode.startCommonServices(NameNode.java:886)
	at org.apache.hadoop.hdfs.server.namenode.NameNode.initialize(NameNode.java:804)
	at org.apache.hadoop.hdfs.server.namenode.BackupNode.initialize(BackupNode.java:154)
	at org.apache.hadoop.hdfs.server.namenode.NameNode.<init>(NameNode.java:1033)
	at org.apache.hadoop.hdfs.server.namenode.BackupNode.<init>(BackupNode.java:90)
	at org.apache.hadoop.hdfs.server.namenode.NameNode.createNameNode(NameNode.java:1767)
	at org.apache.hadoop.hdfs.server.namenode.NameNode.main(NameNode.java:1847)
Caused by: java.io.IOException: Failed to bind to backupnode/172.18.0.7:50100
	at org.eclipse.jetty.server.ServerConnector.openAcceptChannel(ServerConnector.java:349)
	at org.eclipse.jetty.server.ServerConnector.open(ServerConnector.java:310)
	at org.apache.hadoop.http.HttpServer2.bindListener(HttpServer2.java:1356)
	at org.apache.hadoop.http.HttpServer2.bindForSinglePort(HttpServer2.java:1387)
	... 11 more
Caused by: java.net.BindException: Address already in use
	at sun.nio.ch.Net.bind0(Native Method)
	at sun.nio.ch.Net.bind(Net.java:461)
	at sun.nio.ch.Net.bind(Net.java:453)
	at sun.nio.ch.ServerSocketChannelImpl.bind(ServerSocketChannelImpl.java:222)
	at sun.nio.ch.ServerSocketAdaptor.bind(ServerSocketAdaptor.java:85)
	at org.eclipse.jetty.server.ServerConnector.openAcceptChannel(ServerConnector.java:344)
	... 14 more
2023-10-08 13:14:57,661 INFO namenode.FSNamesystem: Stopping services started for active state
2023-10-08 13:14:57,662 INFO ipc.Server: Stopping server on 50100
2023-10-08 13:14:57,662 INFO blockmanagement.BlockManager: Stopping MarkedDeleteBlockScrubber.
2023-10-08 13:14:57,662 INFO blockmanagement.BlockManager: Stopping RedundancyMonitor.
2023-10-08 13:14:57,667 INFO namenode.FSNamesystem: Stopping services started for active state
2023-10-08 13:14:57,668 INFO namenode.FSNamesystem: Stopping services started for standby state
2023-10-08 13:14:57,668 INFO impl.MetricsSystemImpl: Stopping BackupNode metrics system...
2023-10-08 13:14:57,668 INFO impl.MetricsSystemImpl: BackupNode metrics system stopped.
2023-10-08 13:14:57,668 INFO impl.MetricsSystemImpl: BackupNode metrics system shutdown complete.
2023-10-08 13:14:57,729 ERROR namenode.NameNode: Failed to start namenode.
java.net.BindException: Port in use: backupnode:50100
	at org.apache.hadoop.http.HttpServer2.constructBindException(HttpServer2.java:1369)
	at org.apache.hadoop.http.HttpServer2.bindForSinglePort(HttpServer2.java:1391)
	at org.apache.hadoop.http.HttpServer2.openListeners(HttpServer2.java:1454)
	at org.apache.hadoop.http.HttpServer2.start(HttpServer2.java:1300)
	at org.apache.hadoop.hdfs.server.namenode.NameNodeHttpServer.start(NameNodeHttpServer.java:170)
	at org.apache.hadoop.hdfs.server.namenode.NameNode.startHttpServer(NameNode.java:967)
	at org.apache.hadoop.hdfs.server.namenode.NameNode.startCommonServices(NameNode.java:886)
	at org.apache.hadoop.hdfs.server.namenode.NameNode.initialize(NameNode.java:804)
	at org.apache.hadoop.hdfs.server.namenode.BackupNode.initialize(BackupNode.java:154)
	at org.apache.hadoop.hdfs.server.namenode.NameNode.<init>(NameNode.java:1033)
	at org.apache.hadoop.hdfs.server.namenode.BackupNode.<init>(BackupNode.java:90)
	at org.apache.hadoop.hdfs.server.namenode.NameNode.createNameNode(NameNode.java:1767)
	at org.apache.hadoop.hdfs.server.namenode.NameNode.main(NameNode.java:1847)
Caused by: java.io.IOException: Failed to bind to backupnode/172.18.0.7:50100
	at org.eclipse.jetty.server.ServerConnector.openAcceptChannel(ServerConnector.java:349)
	at org.eclipse.jetty.server.ServerConnector.open(ServerConnector.java:310)
	at org.apache.hadoop.http.HttpServer2.bindListener(HttpServer2.java:1356)
	at org.apache.hadoop.http.HttpServer2.bindForSinglePort(HttpServer2.java:1387)
	... 11 more
Caused by: java.net.BindException: Address already in use
	at sun.nio.ch.Net.bind0(Native Method)
	at sun.nio.ch.Net.bind(Net.java:461)
	at sun.nio.ch.Net.bind(Net.java:453)
	at sun.nio.ch.ServerSocketChannelImpl.bind(ServerSocketChannelImpl.java:222)
	at sun.nio.ch.ServerSocketAdaptor.bind(ServerSocketAdaptor.java:85)
	at org.eclipse.jetty.server.ServerConnector.openAcceptChannel(ServerConnector.java:344)
	... 14 more
2023-10-08 13:14:57,731 INFO util.ExitUtil: Exiting with status 1: java.net.BindException: Port in use: backupnode:50100
2023-10-08 13:14:57,732 INFO namenode.NameNode: SHUTDOWN_MSG: 
/************************************************************
SHUTDOWN_MSG: Shutting down NameNode at backupnode/172.18.0.7
************************************************************/

########################33
SOL

hdadmin@backupnode:~$ cat $HADOOP_HOME/etc/hadoop/hdfs-site.xml 
<?xml version="1.0" encoding="UTF-8"?>
<?xml-stylesheet type="text/xsl" href="configuration.xsl"?>
<!--
  Licensed under the Apache License, Version 2.0 (the "License");
  you may not use this file except in compliance with the License.
  You may obtain a copy of the License at

    http://www.apache.org/licenses/LICENSE-2.0

  Unless required by applicable law or agreed to in writing, software
  distributed under the License is distributed on an "AS IS" BASIS,
  WITHOUT WARRANTIES OR CONDITIONS OF ANY KIND, either express or implied.
  See the License for the specific language governing permissions and
  limitations under the License. See accompanying LICENSE file.
-->

<!-- Put site-specific property overrides in this file. -->

<configuration>

 <!--  Propiedad para configurar la dirección y puerto del nodo de backup -->
<property>
  <name>dfs.namenode.backup.address</name>
  <value>backupnode:50100</value>
</property>

  <!-- Dirección y puerto del interfaz web del NameNode -->
  <!-- Especifica la dirección y el puerto donde se puede 
  acceder a la interfaz web del NameNode. -->
  <property>
    <name>dfs.namenode.backup.http-address</name>
    <value>backupnode:50100</value>
    <final>true</final>
  </property>

</configuration>
