[WARNING] 
[WARNING] It is highly recommended to fix these problems because they threaten the stability of your build.
[WARNING] 
[WARNING] For this reason, future Maven versions might no longer support building such malformed projects.
[WARNING] 
[INFO]                                                                         
[INFO] ------------------------------------------------------------------------
[INFO] Building citationnumberbypatent_chained 0.0.1-SNAPSHOT
[INFO] ------------------------------------------------------------------------
[INFO] 
[INFO] --- maven-resources-plugin:2.6:resources (default-resources) @ citationnumberbypatent_chained ---
[INFO] Using 'UTF-8' encoding to copy filtered resources.
[INFO] skip non existing resourceDirectory /home/usc/cursos/curso111/02-citationnumberbypatent_chained/src/main/resources
[INFO] 
[INFO] --- maven-compiler-plugin:3.1:compile (default-compile) @ citationnumberbypatent_chained ---
[INFO] Changes detected - recompiling the module!
[INFO] Compiling 2 source files to /home/usc/cursos/curso111/02-citationnumberbypatent_chained/target/classes
[INFO] -------------------------------------------------------------
[ERROR] COMPILATION ERROR : 
[INFO] -------------------------------------------------------------
[ERROR] /home/usc/cursos/curso111/02-citationnumberbypatent_chained/src/main/java/cursohadoop/citationnumberbypatent_chained/CNBPDriver_chained.java:[70,60] cannot find symbol
  symbol:   variable args
  location: class cursohadoop.citationnumberbypatent_chained.CNBPDriver_chained
[ERROR] /home/usc/cursos/curso111/02-citationnumberbypatent_chained/src/main/java/cursohadoop/citationnumberbypatent_chained/CNBPDriver_chained.java:[71,62] cannot find symbol
  symbol:   variable args
  location: class cursohadoop.citationnumberbypatent_chained.CNBPDriver_chained
[ERROR] /home/usc/cursos/curso111/02-citationnumberbypatent_chained/src/main/java/cursohadoop/citationnumberbypatent_chained/CNBPDriver_chained.java:[77,64] cannot find symbol
  symbol:   class GzipCodec
  location: class cursohadoop.citationnumberbypatent_chained.CNBPDriver_chained
[ERROR] /home/usc/cursos/curso111/02-citationnumberbypatent_chained/src/main/java/cursohadoop/citationnumberbypatent_chained/CNBPDriver_chained.java:[93,42] cannot find symbol
  symbol:   class TextOutputFormat
  location: class cursohadoop.citationnumberbypatent_chained.CNBPDriver_chained
[INFO] 4 errors 
[INFO] -------------------------------------------------------------
[INFO] ------------------------------------------------------------------------
[INFO] BUILD FAILURE
[INFO] ------------------------------------------------------------------------
[INFO] Total time: 2.508 s
[INFO] Finished at: 2023-11-09T18:06:42+01:00
[INFO] Final Memory: 24M/311M
[INFO] ------------------------------------------------------------------------
[ERROR] Failed to execute goal org.apache.maven.plugins:maven-compiler-plugin:3.1:compile (default-compile) on project citationnumberbypatent_chained: Compilation failure: Compilation failure:
[ERROR] /home/usc/cursos/curso111/02-citationnumberbypatent_chained/src/main/java/cursohadoop/citationnumberbypatent_chained/CNBPDriver_chained.java:[70,60] cannot find symbol
[ERROR] symbol:   variable args
[ERROR] location: class cursohadoop.citationnumberbypatent_chained.CNBPDriver_chained
[ERROR] /home/usc/cursos/curso111/02-citationnumberbypatent_chained/src/main/java/cursohadoop/citationnumberbypatent_chained/CNBPDriver_chained.java:[71,62] cannot find symbol
[ERROR] symbol:   variable args
[ERROR] location: class cursohadoop.citationnumberbypatent_chained.CNBPDriver_chained
[ERROR] /home/usc/cursos/curso111/02-citationnumberbypatent_chained/src/main/java/cursohadoop/citationnumberbypatent_chained/CNBPDriver_chained.java:[77,64] cannot find symbol
[ERROR] symbol:   class GzipCodec
[ERROR] location: class cursohadoop.citationnumberbypatent_chained.CNBPDriver_chained
[ERROR] /home/usc/cursos/curso111/02-citationnumberbypatent_chained/src/main/java/cursohadoop/citationnumberbypatent_chained/CNBPDriver_chained.java:[93,42] cannot find symbol
[ERROR] symbol:   class TextOutputFormat
[ERROR] location: class cursohadoop.citationnumberbypatent_chained.CNBPDriver_chained
[ERROR] -> [Help 1]
[ERROR] 
[ERROR] To see the full stack trace of the errors, re-run Maven with the -e switch.
[ERROR] Re-run Maven using the -X switch to enable full debug logging.
[ERROR] 
[ERROR] For more information about the errors and possible solutions, please read the following articles:
[ERROR] [Help 1] http://cwiki.apache.org/confluence/display/MAVEN/MojoFailureException
